<?xml version="1.0" encoding="UTF-8"?>
<coverage generated="1753148038935" clover="3.2.0">
  <project timestamp="1753148038935" name="All files">
    <metrics statements="183" coveredstatements="155" conditionals="85" coveredconditionals="46" methods="58" coveredmethods="26" elements="326" coveredelements="227" complexity="0" loc="183" ncloc="183" packages="12" files="12" classes="12"/>
    <package name="src">
      <metrics statements="39" coveredstatements="39" conditionals="0" coveredconditionals="0" methods="9" coveredmethods="1"/>
      <file name="index.ts" path="C:\Users\pmati\APP Meu Dinheiro\meu-dinheiro-pt-digital\src\index.ts">
        <metrics statements="39" coveredstatements="39" conditionals="0" coveredconditionals="0" methods="9" coveredmethods="1"/>
        <line num="1" count="7" type="stmt"/>
        <line num="2" count="7" type="stmt"/>
        <line num="3" count="7" type="stmt"/>
        <line num="4" count="7" type="stmt"/>
        <line num="5" count="7" type="stmt"/>
        <line num="6" count="7" type="stmt"/>
        <line num="7" count="7" type="stmt"/>
        <line num="8" count="7" type="stmt"/>
        <line num="9" count="7" type="stmt"/>
        <line num="10" count="7" type="stmt"/>
        <line num="11" count="7" type="stmt"/>
        <line num="12" count="7" type="stmt"/>
        <line num="19" count="7" type="stmt"/>
        <line num="20" count="7" type="stmt"/>
        <line num="23" count="7" type="stmt"/>
        <line num="24" count="7" type="stmt"/>
        <line num="27" count="7" type="stmt"/>
        <line num="32" count="7" type="stmt"/>
        <line num="34" count="7" type="stmt"/>
        <line num="40" count="7" type="stmt"/>
        <line num="43" count="7" type="stmt"/>
        <line num="44" count="7" type="stmt"/>
        <line num="45" count="7" type="stmt"/>
        <line num="48" count="7" type="stmt"/>
        <line num="51" count="7" type="stmt"/>
        <line num="54" count="7" type="stmt"/>
        <line num="57" count="7" type="stmt"/>
        <line num="60" count="7" type="stmt"/>
        <line num="63" count="7" type="stmt"/>
        <line num="64" count="7" type="stmt"/>
        <line num="65" count="7" type="stmt"/>
        <line num="66" count="7" type="stmt"/>
        <line num="67" count="7" type="stmt"/>
        <line num="68" count="7" type="stmt"/>
        <line num="69" count="7" type="stmt"/>
        <line num="70" count="7" type="stmt"/>
        <line num="73" count="7" type="stmt"/>
        <line num="74" count="7" type="stmt"/>
        <line num="76" count="7" type="stmt"/>
      </file>
    </package>
    <package name="src.docs">
      <metrics statements="4" coveredstatements="4" conditionals="0" coveredconditionals="0" methods="0" coveredmethods="0"/>
      <file name="swagger.ts" path="C:\Users\pmati\APP Meu Dinheiro\meu-dinheiro-pt-digital\src\docs\swagger.ts">
        <metrics statements="4" coveredstatements="4" conditionals="0" coveredconditionals="0" methods="0" coveredmethods="0"/>
        <line num="1" count="7" type="stmt"/>
        <line num="3" count="7" type="stmt"/>
        <line num="25" count="7" type="stmt"/>
        <line num="30" count="7" type="stmt"/>
      </file>
    </package>
    <package name="src.features.auth.controllers">
      <metrics statements="12" coveredstatements="10" conditionals="10" coveredconditionals="3" methods="1" coveredmethods="1"/>
      <file name="AuthController.ts" path="C:\Users\pmati\APP Meu Dinheiro\meu-dinheiro-pt-digital\src\features\auth\controllers\AuthController.ts">
        <metrics statements="12" coveredstatements="10" conditionals="10" coveredconditionals="3" methods="1" coveredmethods="1"/>
        <line num="2" count="7" type="stmt"/>
        <line num="4" count="7" type="stmt"/>
        <line num="5" count="7" type="stmt"/>
        <line num="6" count="7" type="stmt"/>
        <line num="14" count="7" type="stmt"/>
        <line num="15" count="2" type="stmt"/>
        <line num="16" count="2" type="cond" truecount="1" falsecount="1"/>
        <line num="17" count="0" type="stmt"/>
        <line num="19" count="2" type="stmt"/>
        <line num="20" count="2" type="cond" truecount="2" falsecount="6"/>
        <line num="21" count="2" type="stmt"/>
        <line num="23" count="0" type="stmt"/>
      </file>
    </package>
    <package name="src.features.auth.middleware">
      <metrics statements="14" coveredstatements="12" conditionals="12" coveredconditionals="6" methods="1" coveredmethods="1"/>
      <file name="jwtAuth.ts" path="C:\Users\pmati\APP Meu Dinheiro\meu-dinheiro-pt-digital\src\features\auth\middleware\jwtAuth.ts">
        <metrics statements="14" coveredstatements="12" conditionals="12" coveredconditionals="6" methods="1" coveredmethods="1"/>
        <line num="2" count="7" type="stmt"/>
        <line num="4" count="7" type="stmt"/>
        <line num="5" count="7" type="stmt"/>
        <line num="8" count="7" type="stmt"/>
        <line num="10" count="7" type="stmt"/>
        <line num="11" count="32" type="stmt"/>
        <line num="13" count="32" type="cond" truecount="4" falsecount="0"/>
        <line num="14" count="6" type="stmt"/>
        <line num="17" count="26" type="stmt"/>
        <line num="20" count="26" type="stmt"/>
        <line num="22" count="26" type="cond" truecount="2" falsecount="6"/>
        <line num="23" count="26" type="stmt"/>
        <line num="26" count="0" type="stmt"/>
        <line num="27" count="0" type="stmt"/>
      </file>
    </package>
    <package name="src.features.auth.models">
      <metrics statements="3" coveredstatements="3" conditionals="0" coveredconditionals="0" methods="0" coveredmethods="0"/>
      <file name="authSchema.ts" path="C:\Users\pmati\APP Meu Dinheiro\meu-dinheiro-pt-digital\src\features\auth\models\authSchema.ts">
        <metrics statements="3" coveredstatements="3" conditionals="0" coveredconditionals="0" methods="0" coveredmethods="0"/>
        <line num="1" count="8" type="stmt"/>
        <line num="3" count="8" type="stmt"/>
        <line num="9" count="8" type="stmt"/>
      </file>
    </package>
    <package name="src.features.auth.routes">
      <metrics statements="22" coveredstatements="19" conditionals="8" coveredconditionals="5" methods="8" coveredmethods="6"/>
      <file name="authRoutes.ts" path="C:\Users\pmati\APP Meu Dinheiro\meu-dinheiro-pt-digital\src\features\auth\routes\authRoutes.ts">
        <metrics statements="22" coveredstatements="19" conditionals="8" coveredconditionals="5" methods="8" coveredmethods="6"/>
        <line num="1" count="7" type="stmt"/>
        <line num="2" count="7" type="stmt"/>
        <line num="3" count="7" type="stmt"/>
        <line num="5" count="7" type="stmt"/>
        <line num="63" count="8" type="stmt"/>
        <line num="64" count="8" type="stmt"/>
        <line num="65" count="8" type="cond" truecount="2" falsecount="0"/>
        <line num="66" count="7" type="stmt"/>
        <line num="122" count="7" type="stmt"/>
        <line num="123" count="7" type="stmt"/>
        <line num="124" count="7" type="cond" truecount="2" falsecount="0"/>
        <line num="125" count="6" type="stmt"/>
        <line num="128" count="7" type="stmt"/>
        <line num="129" count="1" type="stmt"/>
        <line num="130" count="1" type="cond" truecount="1" falsecount="1"/>
        <line num="131" count="1" type="stmt"/>
        <line num="134" count="7" type="stmt"/>
        <line num="135" count="0" type="stmt"/>
        <line num="136" count="0" type="cond" truecount="0" falsecount="2"/>
        <line num="137" count="0" type="stmt"/>
        <line num="140" count="7" type="stmt"/>
        <line num="142" count="7" type="stmt"/>
      </file>
    </package>
    <package name="src.features.auth.services">
      <metrics statements="30" coveredstatements="26" conditionals="24" coveredconditionals="19" methods="10" coveredmethods="6"/>
      <file name="authService.ts" path="C:\Users\pmati\APP Meu Dinheiro\meu-dinheiro-pt-digital\src\features\auth\services\authService.ts">
        <metrics statements="30" coveredstatements="26" conditionals="24" coveredconditionals="19" methods="10" coveredmethods="6"/>
        <line num="1" count="8" type="stmt"/>
        <line num="2" count="8" type="stmt"/>
        <line num="4" count="10" type="stmt"/>
        <line num="5" count="10" type="stmt"/>
        <line num="6" count="10" type="cond" truecount="2" falsecount="0"/>
        <line num="7" count="2" type="stmt"/>
        <line num="9" count="8" type="stmt"/>
        <line num="10" count="8" type="stmt"/>
        <line num="13" count="8" type="cond" truecount="1" falsecount="1"/>
        <line num="14" count="0" type="stmt"/>
        <line num="18" count="8" type="cond" truecount="4" falsecount="2"/>
        <line num="19" count="0" type="stmt"/>
        <line num="23" count="8" type="cond" truecount="2" falsecount="0"/>
        <line num="24" count="7" type="stmt"/>
        <line num="36" count="1" type="stmt"/>
        <line num="45" count="9" type="stmt"/>
        <line num="46" count="9" type="stmt"/>
        <line num="47" count="9" type="cond" truecount="2" falsecount="0"/>
        <line num="48" count="1" type="stmt"/>
        <line num="50" count="8" type="stmt"/>
        <line num="51" count="8" type="stmt"/>
        <line num="52" count="8" type="cond" truecount="7" falsecount="1"/>
        <line num="53" count="1" type="cond" truecount="1" falsecount="1"/>
        <line num="55" count="7" type="stmt"/>
        <line num="66" count="8" type="stmt"/>
        <line num="67" count="1" type="stmt"/>
        <line num="70" count="8" type="stmt"/>
        <line num="71" count="0" type="stmt"/>
        <line num="74" count="8" type="stmt"/>
        <line num="75" count="0" type="stmt"/>
      </file>
    </package>
    <package name="src.features.family.models">
      <metrics statements="2" coveredstatements="2" conditionals="0" coveredconditionals="0" methods="0" coveredmethods="0"/>
      <file name="familySchema.ts" path="C:\Users\pmati\APP Meu Dinheiro\meu-dinheiro-pt-digital\src\features\family\models\familySchema.ts">
        <metrics statements="2" coveredstatements="2" conditionals="0" coveredconditionals="0" methods="0" coveredmethods="0"/>
        <line num="1" count="1" type="stmt"/>
        <line num="3" count="1" type="stmt"/>
      </file>
    </package>
    <package name="src.features.family.services">
      <metrics statements="18" coveredstatements="12" conditionals="2" coveredconditionals="2" methods="12" coveredmethods="2"/>
      <file name="familyService.ts" path="C:\Users\pmati\APP Meu Dinheiro\meu-dinheiro-pt-digital\src\features\family\services\familyService.ts">
        <metrics statements="18" coveredstatements="12" conditionals="2" coveredconditionals="2" methods="12" coveredmethods="2"/>
        <line num="1" count="1" type="stmt"/>
        <line num="2" count="1" type="stmt"/>
        <line num="4" count="1" type="stmt"/>
        <line num="5" count="0" type="stmt"/>
        <line num="8" count="2" type="stmt"/>
        <line num="9" count="2" type="stmt"/>
        <line num="10" count="2" type="cond" truecount="2" falsecount="0"/>
        <line num="11" count="1" type="stmt"/>
        <line num="13" count="1" type="stmt"/>
        <line num="16" count="1" type="stmt"/>
        <line num="17" count="0" type="stmt"/>
        <line num="20" count="1" type="stmt"/>
        <line num="23" count="0" type="stmt"/>
        <line num="26" count="1" type="stmt"/>
        <line num="27" count="0" type="stmt"/>
        <line num="30" count="1" type="stmt"/>
        <line num="32" count="0" type="stmt"/>
        <line num="35" count="0" type="stmt"/>
      </file>
    </package>
    <package name="src.features.goals.services">
      <metrics statements="16" coveredstatements="8" conditionals="15" coveredconditionals="5" methods="8" coveredmethods="2"/>
      <file name="goalService.ts" path="C:\Users\pmati\APP Meu Dinheiro\meu-dinheiro-pt-digital\src\features\goals\services\goalService.ts">
        <metrics statements="16" coveredstatements="8" conditionals="15" coveredconditionals="5" methods="8" coveredmethods="2"/>
        <line num="1" count="1" type="stmt"/>
        <line num="4" count="1" type="stmt"/>
        <line num="6" count="0" type="stmt"/>
        <line num="7" count="0" type="cond" truecount="0" falsecount="2"/>
        <line num="8" count="0" type="cond" truecount="0" falsecount="2"/>
        <line num="9" count="0" type="cond" truecount="0" falsecount="4"/>
        <line num="10" count="0" type="cond" truecount="0" falsecount="2"/>
        <line num="11" count="0" type="stmt"/>
        <line num="14" count="2" type="stmt"/>
        <line num="16" count="2" type="cond" truecount="5" falsecount="0"/>
        <line num="17" count="1" type="stmt"/>
        <line num="19" count="1" type="stmt"/>
        <line num="22" count="1" type="stmt"/>
        <line num="24" count="0" type="stmt"/>
        <line num="27" count="1" type="stmt"/>
        <line num="28" count="0" type="stmt"/>
      </file>
    </package>
    <package name="src.integrations.supabase">
      <metrics statements="10" coveredstatements="10" conditionals="8" coveredconditionals="6" methods="4" coveredmethods="4"/>
      <file name="client.ts" path="C:\Users\pmati\APP Meu Dinheiro\meu-dinheiro-pt-digital\src\integrations\supabase\client.ts">
        <metrics statements="10" coveredstatements="10" conditionals="8" coveredconditionals="6" methods="4" coveredmethods="4"/>
        <line num="2" count="8" type="stmt"/>
        <line num="5" count="8" type="stmt"/>
        <line num="6" count="8" type="stmt"/>
        <line num="13" count="8" type="stmt"/>
        <line num="14" count="19" type="cond" truecount="4" falsecount="0"/>
        <line num="15" count="15" type="stmt"/>
        <line num="16" count="4" type="stmt"/>
        <line num="19" count="8" type="cond" truecount="1" falsecount="1"/>
        <line num="20" count="8" type="cond" truecount="1" falsecount="1"/>
        <line num="22" count="8" type="stmt"/>
      </file>
    </package>
    <package name="src.middleware">
      <metrics statements="13" coveredstatements="10" conditionals="6" coveredconditionals="0" methods="5" coveredmethods="3"/>
      <file name="globalMiddleware.ts" path="C:\Users\pmati\APP Meu Dinheiro\meu-dinheiro-pt-digital\src\middleware\globalMiddleware.ts">
        <metrics statements="13" coveredstatements="10" conditionals="6" coveredconditionals="0" methods="5" coveredmethods="3"/>
        <line num="4" count="7" type="stmt"/>
        <line num="5" count="53" type="stmt"/>
        <line num="6" count="53" type="stmt"/>
        <line num="7" count="53" type="stmt"/>
        <line num="8" count="53" type="stmt"/>
        <line num="10" count="53" type="stmt"/>
        <line num="14" count="7" type="stmt"/>
        <line num="15" count="0" type="stmt"/>
        <line num="16" count="0" type="cond" truecount="0" falsecount="2"/>
        <line num="17" count="0" type="stmt"/>
        <line num="27" count="7" type="stmt"/>
        <line num="28" count="53" type="stmt"/>
        <line num="29" count="53" type="stmt"/>
      </file>
    </package>
  </project>
</coverage>
