{"C:\\Users\\pmati\\APP_Meu_Dinheiro\\meu-dinheiro-pt-digital\\src\\features\\auth\\models\\authSchema.ts": {"path":"C:\\Users\\pmati\\APP_Meu_Dinheiro\\meu-dinheiro-pt-digital\\src\\features\\auth\\models\\authSchema.ts","statementMap":{"0":{"start":{"line":1,"column":0},"end":{"line":1,"column":24}},"1":{"start":{"line":3,"column":13},"end":{"line":7,"column":3}},"2":{"start":{"line":9,"column":13},"end":{"line":12,"column":3}}},"fnMap":{},"branchMap":{},"s":{"0":1,"1":1,"2":1},"f":{},"b":{}}
,"C:\\Users\\pmati\\APP_Meu_Dinheiro\\meu-dinheiro-pt-digital\\src\\features\\auth\\services\\authService.ts": {"path":"C:\\Users\\pmati\\APP_Meu_Dinheiro\\meu-dinheiro-pt-digital\\src\\features\\auth\\services\\authService.ts","statementMap":{"0":{"start":{"line":1,"column":0},"end":{"line":1,"column":58}},"1":{"start":{"line":2,"column":0},"end":{"line":2,"column":65}},"2":{"start":{"line":4,"column":22},"end":{"line":43,"column":2}},"3":{"start":{"line":4,"column":45},"end":{"line":43,"column":2}},"4":{"start":{"line":5,"column":16},"end":{"line":5,"column":47}},"5":{"start":{"line":6,"column":2},"end":{"line":8,"column":3}},"6":{"start":{"line":7,"column":4},"end":{"line":7,"column":94}},"7":{"start":{"line":9,"column":30},"end":{"line":9,"column":40}},"8":{"start":{"line":10,"column":26},"end":{"line":10,"column":73}},"9":{"start":{"line":13,"column":2},"end":{"line":15,"column":3}},"10":{"start":{"line":14,"column":4},"end":{"line":14,"column":33}},"11":{"start":{"line":18,"column":2},"end":{"line":20,"column":3}},"12":{"start":{"line":19,"column":4},"end":{"line":19,"column":77}},"13":{"start":{"line":23,"column":2},"end":{"line":33,"column":3}},"14":{"start":{"line":24,"column":4},"end":{"line":32,"column":6}},"15":{"start":{"line":36,"column":2},"end":{"line":42,"column":4}},"16":{"start":{"line":4,"column":13},"end":{"line":4,"column":22}},"17":{"start":{"line":45,"column":21},"end":{"line":64,"column":2}},"18":{"start":{"line":45,"column":44},"end":{"line":64,"column":2}},"19":{"start":{"line":46,"column":16},"end":{"line":46,"column":46}},"20":{"start":{"line":47,"column":2},"end":{"line":49,"column":3}},"21":{"start":{"line":48,"column":4},"end":{"line":48,"column":94}},"22":{"start":{"line":50,"column":30},"end":{"line":50,"column":40}},"23":{"start":{"line":51,"column":26},"end":{"line":51,"column":85}},"24":{"start":{"line":52,"column":2},"end":{"line":54,"column":3}},"25":{"start":{"line":53,"column":4},"end":{"line":53,"column":80}},"26":{"start":{"line":55,"column":2},"end":{"line":63,"column":4}},"27":{"start":{"line":45,"column":13},"end":{"line":45,"column":21}},"28":{"start":{"line":66,"column":22},"end":{"line":68,"column":2}},"29":{"start":{"line":66,"column":33},"end":{"line":68,"column":2}},"30":{"start":{"line":67,"column":2},"end":{"line":67,"column":39}},"31":{"start":{"line":66,"column":13},"end":{"line":66,"column":22}},"32":{"start":{"line":70,"column":26},"end":{"line":72,"column":2}},"33":{"start":{"line":70,"column":37},"end":{"line":72,"column":2}},"34":{"start":{"line":71,"column":2},"end":{"line":71,"column":42}},"35":{"start":{"line":70,"column":13},"end":{"line":70,"column":26}},"36":{"start":{"line":74,"column":30},"end":{"line":76,"column":2}},"37":{"start":{"line":74,"column":61},"end":{"line":76,"column":2}},"38":{"start":{"line":75,"column":2},"end":{"line":75,"column":77}},"39":{"start":{"line":74,"column":13},"end":{"line":74,"column":30}}},"fnMap":{"0":{"name":"(anonymous_7)","decl":{"start":{"line":4,"column":22},"end":{"line":4,"column":29}},"loc":{"start":{"line":4,"column":45},"end":{"line":43,"column":2}}},"1":{"name":"(anonymous_8)","decl":{"start":{"line":4,"column":45},"end":{"line":4,"column":null}},"loc":{"start":{"line":4,"column":45},"end":{"line":43,"column":1}}},"2":{"name":"(anonymous_9)","decl":{"start":{"line":45,"column":21},"end":{"line":45,"column":28}},"loc":{"start":{"line":45,"column":44},"end":{"line":64,"column":2}}},"3":{"name":"(anonymous_10)","decl":{"start":{"line":45,"column":44},"end":{"line":45,"column":null}},"loc":{"start":{"line":45,"column":44},"end":{"line":64,"column":1}}},"4":{"name":"(anonymous_11)","decl":{"start":{"line":66,"column":22},"end":{"line":66,"column":31}},"loc":{"start":{"line":66,"column":33},"end":{"line":68,"column":2}}},"5":{"name":"(anonymous_12)","decl":{"start":{"line":66,"column":33},"end":{"line":66,"column":null}},"loc":{"start":{"line":66,"column":33},"end":{"line":68,"column":1}}},"6":{"name":"(anonymous_13)","decl":{"start":{"line":70,"column":26},"end":{"line":70,"column":35}},"loc":{"start":{"line":70,"column":37},"end":{"line":72,"column":2}}},"7":{"name":"(anonymous_14)","decl":{"start":{"line":70,"column":37},"end":{"line":70,"column":null}},"loc":{"start":{"line":70,"column":37},"end":{"line":72,"column":1}}},"8":{"name":"(anonymous_15)","decl":{"start":{"line":74,"column":30},"end":{"line":74,"column":37}},"loc":{"start":{"line":74,"column":61},"end":{"line":76,"column":2}}},"9":{"name":"(anonymous_16)","decl":{"start":{"line":74,"column":61},"end":{"line":74,"column":null}},"loc":{"start":{"line":74,"column":61},"end":{"line":76,"column":1}}}},"branchMap":{"0":{"loc":{"start":{"line":6,"column":2},"end":{"line":8,"column":3}},"type":"if","locations":[{"start":{"line":6,"column":2},"end":{"line":8,"column":3}},{"start":{},"end":{}}]},"1":{"loc":{"start":{"line":13,"column":2},"end":{"line":15,"column":3}},"type":"if","locations":[{"start":{"line":13,"column":2},"end":{"line":15,"column":3}},{"start":{},"end":{}}]},"2":{"loc":{"start":{"line":18,"column":2},"end":{"line":20,"column":3}},"type":"if","locations":[{"start":{"line":18,"column":2},"end":{"line":20,"column":3}},{"start":{},"end":{}}]},"3":{"loc":{"start":{"line":18,"column":7},"end":{"line":18,"column":17}},"type":"cond-expr","locations":[{"start":{"line":18,"column":11},"end":{"line":18,"column":13}},{"start":{"line":18,"column":7},"end":{"line":18,"column":17}}]},"4":{"loc":{"start":{"line":18,"column":7},"end":{"line":18,"column":13}},"type":"binary-expr","locations":[{"start":{"line":18,"column":7},"end":{"line":18,"column":13}},{"start":{"line":18,"column":7},"end":{"line":18,"column":13}}]},"5":{"loc":{"start":{"line":23,"column":2},"end":{"line":33,"column":3}},"type":"if","locations":[{"start":{"line":23,"column":2},"end":{"line":33,"column":3}},{"start":{},"end":{}}]},"6":{"loc":{"start":{"line":47,"column":2},"end":{"line":49,"column":3}},"type":"if","locations":[{"start":{"line":47,"column":2},"end":{"line":49,"column":3}},{"start":{},"end":{}}]},"7":{"loc":{"start":{"line":52,"column":2},"end":{"line":54,"column":3}},"type":"if","locations":[{"start":{"line":52,"column":2},"end":{"line":54,"column":3}},{"start":{},"end":{}}]},"8":{"loc":{"start":{"line":52,"column":6},"end":{"line":52,"column":31}},"type":"binary-expr","locations":[{"start":{"line":52,"column":6},"end":{"line":52,"column":11}},{"start":{"line":52,"column":15},"end":{"line":52,"column":31}}]},"9":{"loc":{"start":{"line":52,"column":16},"end":{"line":52,"column":29}},"type":"cond-expr","locations":[{"start":{"line":52,"column":20},"end":{"line":52,"column":22}},{"start":{"line":52,"column":16},"end":{"line":52,"column":29}}]},"10":{"loc":{"start":{"line":52,"column":16},"end":{"line":52,"column":22}},"type":"binary-expr","locations":[{"start":{"line":52,"column":16},"end":{"line":52,"column":22}},{"start":{"line":52,"column":16},"end":{"line":52,"column":22}}]},"11":{"loc":{"start":{"line":53,"column":32},"end":{"line":53,"column":77}},"type":"binary-expr","locations":[{"start":{"line":53,"column":32},"end":{"line":53,"column":37}},{"start":{"line":53,"column":41},"end":{"line":53,"column":77}}]}},"s":{"0":1,"1":1,"2":1,"3":2,"4":2,"5":2,"6":1,"7":1,"8":1,"9":1,"10":0,"11":1,"12":0,"13":1,"14":0,"15":1,"16":1,"17":1,"18":2,"19":2,"20":2,"21":1,"22":1,"23":1,"24":1,"25":0,"26":1,"27":1,"28":1,"29":0,"30":0,"31":1,"32":1,"33":0,"34":0,"35":1,"36":1,"37":0,"38":0,"39":1},"f":{"0":2,"1":2,"2":2,"3":2,"4":0,"5":0,"6":0,"7":0,"8":0,"9":0},"b":{"0":[1,1],"1":[0,1],"2":[0,1],"3":[0,1],"4":[1,1],"5":[0,1],"6":[1,1],"7":[0,1],"8":[1,1],"9":[0,1],"10":[1,1],"11":[0,0]}}
,"C:\\Users\\pmati\\APP_Meu_Dinheiro\\meu-dinheiro-pt-digital\\src\\features\\family\\models\\familySchema.ts": {"path":"C:\\Users\\pmati\\APP_Meu_Dinheiro\\meu-dinheiro-pt-digital\\src\\features\\family\\models\\familySchema.ts","statementMap":{"0":{"start":{"line":1,"column":0},"end":{"line":1,"column":24}},"1":{"start":{"line":3,"column":13},"end":{"line":7,"column":3}}},"fnMap":{},"branchMap":{},"s":{"0":1,"1":1},"f":{},"b":{}}
,"C:\\Users\\pmati\\APP_Meu_Dinheiro\\meu-dinheiro-pt-digital\\src\\features\\family\\services\\familyService.ts": {"path":"C:\\Users\\pmati\\APP_Meu_Dinheiro\\meu-dinheiro-pt-digital\\src\\features\\family\\services\\familyService.ts","statementMap":{"0":{"start":{"line":1,"column":0},"end":{"line":1,"column":58}},"1":{"start":{"line":2,"column":0},"end":{"line":2,"column":54}},"2":{"start":{"line":4,"column":29},"end":{"line":6,"column":2}},"3":{"start":{"line":4,"column":54},"end":{"line":6,"column":2}},"4":{"start":{"line":5,"column":2},"end":{"line":5,"column":108}},"5":{"start":{"line":4,"column":13},"end":{"line":4,"column":29}},"6":{"start":{"line":8,"column":28},"end":{"line":14,"column":2}},"7":{"start":{"line":8,"column":51},"end":{"line":14,"column":2}},"8":{"start":{"line":9,"column":16},"end":{"line":9,"column":47}},"9":{"start":{"line":10,"column":2},"end":{"line":12,"column":3}},"10":{"start":{"line":11,"column":4},"end":{"line":11,"column":94}},"11":{"start":{"line":13,"column":2},"end":{"line":13,"column":78}},"12":{"start":{"line":8,"column":13},"end":{"line":8,"column":28}},"13":{"start":{"line":16,"column":28},"end":{"line":18,"column":2}},"14":{"start":{"line":16,"column":69},"end":{"line":18,"column":2}},"15":{"start":{"line":17,"column":2},"end":{"line":17,"column":85}},"16":{"start":{"line":16,"column":13},"end":{"line":16,"column":28}},"17":{"start":{"line":20,"column":35},"end":{"line":24,"column":2}},"18":{"start":{"line":20,"column":78},"end":{"line":24,"column":2}},"19":{"start":{"line":23,"column":2},"end":{"line":23,"column":45}},"20":{"start":{"line":20,"column":13},"end":{"line":20,"column":35}},"21":{"start":{"line":26,"column":28},"end":{"line":28,"column":2}},"22":{"start":{"line":26,"column":71},"end":{"line":28,"column":2}},"23":{"start":{"line":27,"column":2},"end":{"line":27,"column":104}},"24":{"start":{"line":26,"column":13},"end":{"line":26,"column":28}},"25":{"start":{"line":30,"column":33},"end":{"line":36,"column":2}},"26":{"start":{"line":30,"column":80},"end":{"line":36,"column":2}},"27":{"start":{"line":32,"column":2},"end":{"line":32,"column":118}},"28":{"start":{"line":35,"column":2},"end":{"line":35,"column":27}},"29":{"start":{"line":30,"column":13},"end":{"line":30,"column":33}}},"fnMap":{"0":{"name":"(anonymous_7)","decl":{"start":{"line":4,"column":29},"end":{"line":4,"column":36}},"loc":{"start":{"line":4,"column":54},"end":{"line":6,"column":2}}},"1":{"name":"(anonymous_8)","decl":{"start":{"line":4,"column":54},"end":{"line":4,"column":null}},"loc":{"start":{"line":4,"column":54},"end":{"line":6,"column":1}}},"2":{"name":"(anonymous_9)","decl":{"start":{"line":8,"column":28},"end":{"line":8,"column":35}},"loc":{"start":{"line":8,"column":51},"end":{"line":14,"column":2}}},"3":{"name":"(anonymous_10)","decl":{"start":{"line":8,"column":51},"end":{"line":8,"column":null}},"loc":{"start":{"line":8,"column":51},"end":{"line":14,"column":1}}},"4":{"name":"(anonymous_11)","decl":{"start":{"line":16,"column":28},"end":{"line":16,"column":35}},"loc":{"start":{"line":16,"column":69},"end":{"line":18,"column":2}}},"5":{"name":"(anonymous_12)","decl":{"start":{"line":16,"column":69},"end":{"line":16,"column":null}},"loc":{"start":{"line":16,"column":69},"end":{"line":18,"column":1}}},"6":{"name":"(anonymous_13)","decl":{"start":{"line":20,"column":35},"end":{"line":20,"column":42}},"loc":{"start":{"line":20,"column":78},"end":{"line":24,"column":2}}},"7":{"name":"(anonymous_14)","decl":{"start":{"line":20,"column":78},"end":{"line":20,"column":null}},"loc":{"start":{"line":20,"column":78},"end":{"line":24,"column":1}}},"8":{"name":"(anonymous_15)","decl":{"start":{"line":26,"column":28},"end":{"line":26,"column":35}},"loc":{"start":{"line":26,"column":71},"end":{"line":28,"column":2}}},"9":{"name":"(anonymous_16)","decl":{"start":{"line":26,"column":71},"end":{"line":26,"column":null}},"loc":{"start":{"line":26,"column":71},"end":{"line":28,"column":1}}},"10":{"name":"(anonymous_17)","decl":{"start":{"line":30,"column":33},"end":{"line":30,"column":40}},"loc":{"start":{"line":30,"column":80},"end":{"line":36,"column":2}}},"11":{"name":"(anonymous_18)","decl":{"start":{"line":30,"column":80},"end":{"line":30,"column":null}},"loc":{"start":{"line":30,"column":80},"end":{"line":36,"column":1}}}},"branchMap":{"0":{"loc":{"start":{"line":10,"column":2},"end":{"line":12,"column":3}},"type":"if","locations":[{"start":{"line":10,"column":2},"end":{"line":12,"column":3}},{"start":{},"end":{}}]}},"s":{"0":1,"1":1,"2":1,"3":0,"4":0,"5":1,"6":1,"7":2,"8":2,"9":2,"10":1,"11":1,"12":1,"13":1,"14":0,"15":0,"16":1,"17":1,"18":0,"19":0,"20":1,"21":1,"22":0,"23":0,"24":1,"25":1,"26":0,"27":0,"28":0,"29":1},"f":{"0":0,"1":0,"2":2,"3":2,"4":0,"5":0,"6":0,"7":0,"8":0,"9":0,"10":0,"11":0},"b":{"0":[1,1]}}
,"C:\\Users\\pmati\\APP_Meu_Dinheiro\\meu-dinheiro-pt-digital\\src\\features\\goals\\services\\goalService.ts": {"path":"C:\\Users\\pmati\\APP_Meu_Dinheiro\\meu-dinheiro-pt-digital\\src\\features\\goals\\services\\goalService.ts","statementMap":{"0":{"start":{"line":1,"column":0},"end":{"line":1,"column":58}},"1":{"start":{"line":4,"column":26},"end":{"line":12,"column":2}},"2":{"start":{"line":4,"column":49},"end":{"line":12,"column":2}},"3":{"start":{"line":6,"column":19},"end":{"line":6,"column":53}},"4":{"start":{"line":7,"column":2},"end":{"line":7,"column":66}},"5":{"start":{"line":7,"column":22},"end":{"line":7,"column":66}},"6":{"start":{"line":8,"column":2},"end":{"line":8,"column":72}},"7":{"start":{"line":8,"column":24},"end":{"line":8,"column":72}},"8":{"start":{"line":9,"column":2},"end":{"line":9,"column":106}},"9":{"start":{"line":9,"column":56},"end":{"line":9,"column":106}},"10":{"start":{"line":10,"column":2},"end":{"line":10,"column":65}},"11":{"start":{"line":10,"column":22},"end":{"line":10,"column":65}},"12":{"start":{"line":11,"column":2},"end":{"line":11,"column":21}},"13":{"start":{"line":4,"column":13},"end":{"line":4,"column":26}},"14":{"start":{"line":14,"column":26},"end":{"line":20,"column":2}},"15":{"start":{"line":14,"column":49},"end":{"line":20,"column":2}},"16":{"start":{"line":16,"column":2},"end":{"line":18,"column":3}},"17":{"start":{"line":17,"column":4},"end":{"line":17,"column":151}},"18":{"start":{"line":19,"column":2},"end":{"line":19,"column":72}},"19":{"start":{"line":14,"column":13},"end":{"line":14,"column":26}},"20":{"start":{"line":22,"column":34},"end":{"line":25,"column":2}},"21":{"start":{"line":22,"column":79},"end":{"line":25,"column":2}},"22":{"start":{"line":24,"column":2},"end":{"line":24,"column":109}},"23":{"start":{"line":22,"column":13},"end":{"line":22,"column":34}},"24":{"start":{"line":27,"column":26},"end":{"line":29,"column":2}},"25":{"start":{"line":27,"column":51},"end":{"line":29,"column":2}},"26":{"start":{"line":28,"column":2},"end":{"line":28,"column":73}},"27":{"start":{"line":27,"column":13},"end":{"line":27,"column":26}}},"fnMap":{"0":{"name":"(anonymous_7)","decl":{"start":{"line":4,"column":26},"end":{"line":4,"column":33}},"loc":{"start":{"line":4,"column":49},"end":{"line":12,"column":2}}},"1":{"name":"(anonymous_8)","decl":{"start":{"line":4,"column":49},"end":{"line":4,"column":null}},"loc":{"start":{"line":4,"column":49},"end":{"line":12,"column":1}}},"2":{"name":"(anonymous_9)","decl":{"start":{"line":14,"column":26},"end":{"line":14,"column":33}},"loc":{"start":{"line":14,"column":49},"end":{"line":20,"column":2}}},"3":{"name":"(anonymous_10)","decl":{"start":{"line":14,"column":49},"end":{"line":14,"column":null}},"loc":{"start":{"line":14,"column":49},"end":{"line":20,"column":1}}},"4":{"name":"(anonymous_11)","decl":{"start":{"line":22,"column":34},"end":{"line":22,"column":41}},"loc":{"start":{"line":22,"column":79},"end":{"line":25,"column":2}}},"5":{"name":"(anonymous_12)","decl":{"start":{"line":22,"column":79},"end":{"line":22,"column":null}},"loc":{"start":{"line":22,"column":79},"end":{"line":25,"column":1}}},"6":{"name":"(anonymous_13)","decl":{"start":{"line":27,"column":26},"end":{"line":27,"column":33}},"loc":{"start":{"line":27,"column":51},"end":{"line":29,"column":2}}},"7":{"name":"(anonymous_14)","decl":{"start":{"line":27,"column":51},"end":{"line":27,"column":null}},"loc":{"start":{"line":27,"column":51},"end":{"line":29,"column":1}}}},"branchMap":{"0":{"loc":{"start":{"line":7,"column":2},"end":{"line":7,"column":66}},"type":"if","locations":[{"start":{"line":7,"column":2},"end":{"line":7,"column":66}},{"start":{},"end":{}}]},"1":{"loc":{"start":{"line":8,"column":2},"end":{"line":8,"column":72}},"type":"if","locations":[{"start":{"line":8,"column":2},"end":{"line":8,"column":72}},{"start":{},"end":{}}]},"2":{"loc":{"start":{"line":9,"column":2},"end":{"line":9,"column":106}},"type":"if","locations":[{"start":{"line":9,"column":2},"end":{"line":9,"column":106}},{"start":{},"end":{}}]},"3":{"loc":{"start":{"line":9,"column":6},"end":{"line":9,"column":54}},"type":"binary-expr","locations":[{"start":{"line":9,"column":6},"end":{"line":9,"column":23}},{"start":{"line":9,"column":27},"end":{"line":9,"column":54}}]},"4":{"loc":{"start":{"line":10,"column":2},"end":{"line":10,"column":65}},"type":"if","locations":[{"start":{"line":10,"column":2},"end":{"line":10,"column":65}},{"start":{},"end":{}}]},"5":{"loc":{"start":{"line":16,"column":2},"end":{"line":18,"column":3}},"type":"if","locations":[{"start":{"line":16,"column":2},"end":{"line":18,"column":3}},{"start":{},"end":{}}]},"6":{"loc":{"start":{"line":16,"column":6},"end":{"line":16,"column":90}},"type":"binary-expr","locations":[{"start":{"line":16,"column":6},"end":{"line":16,"column":14}},{"start":{"line":16,"column":18},"end":{"line":16,"column":60}},{"start":{"line":16,"column":64},"end":{"line":16,"column":90}}]}},"s":{"0":1,"1":1,"2":0,"3":0,"4":0,"5":0,"6":0,"7":0,"8":0,"9":0,"10":0,"11":0,"12":0,"13":1,"14":1,"15":2,"16":2,"17":1,"18":1,"19":1,"20":1,"21":0,"22":0,"23":1,"24":1,"25":0,"26":0,"27":1},"f":{"0":0,"1":0,"2":2,"3":2,"4":0,"5":0,"6":0,"7":0},"b":{"0":[0,0],"1":[0,0],"2":[0,0],"3":[0,0],"4":[0,0],"5":[1,1],"6":[2,2,2]}}
,"C:\\Users\\pmati\\APP_Meu_Dinheiro\\meu-dinheiro-pt-digital\\src\\features\\transactions\\models\\transactionSchema.ts": {"path":"C:\\Users\\pmati\\APP_Meu_Dinheiro\\meu-dinheiro-pt-digital\\src\\features\\transactions\\models\\transactionSchema.ts","statementMap":{"0":{"start":{"line":1,"column":0},"end":{"line":1,"column":24}},"1":{"start":{"line":3,"column":13},"end":{"line":12,"column":3}}},"fnMap":{},"branchMap":{},"s":{"0":1,"1":1},"f":{},"b":{}}
,"C:\\Users\\pmati\\APP_Meu_Dinheiro\\meu-dinheiro-pt-digital\\src\\features\\transactions\\services\\transactionService.ts": {"path":"C:\\Users\\pmati\\APP_Meu_Dinheiro\\meu-dinheiro-pt-digital\\src\\features\\transactions\\services\\transactionService.ts","statementMap":{"0":{"start":{"line":1,"column":0},"end":{"line":1,"column":58}},"1":{"start":{"line":2,"column":0},"end":{"line":2,"column":64}},"2":{"start":{"line":4,"column":33},"end":{"line":18,"column":2}},"3":{"start":{"line":4,"column":56},"end":{"line":18,"column":2}},"4":{"start":{"line":6,"column":14},"end":{"line":6,"column":55}},"5":{"start":{"line":7,"column":2},"end":{"line":7,"column":66}},"6":{"start":{"line":7,"column":22},"end":{"line":7,"column":66}},"7":{"start":{"line":8,"column":2},"end":{"line":8,"column":72}},"8":{"start":{"line":8,"column":24},"end":{"line":8,"column":72}},"9":{"start":{"line":9,"column":2},"end":{"line":9,"column":106}},"10":{"start":{"line":9,"column":56},"end":{"line":9,"column":106}},"11":{"start":{"line":11,"column":2},"end":{"line":16,"column":3}},"12":{"start":{"line":12,"column":26},"end":{"line":12,"column":62}},"13":{"start":{"line":13,"column":18},"end":{"line":13,"column":64}},"14":{"start":{"line":14,"column":16},"end":{"line":14,"column":67}},"15":{"start":{"line":15,"column":4},"end":{"line":15,"column":54}},"16":{"start":{"line":17,"column":2},"end":{"line":17,"column":21}},"17":{"start":{"line":4,"column":13},"end":{"line":4,"column":33}},"18":{"start":{"line":20,"column":33},"end":{"line":37,"column":2}},"19":{"start":{"line":20,"column":56},"end":{"line":37,"column":2}},"20":{"start":{"line":21,"column":16},"end":{"line":21,"column":52}},"21":{"start":{"line":22,"column":2},"end":{"line":24,"column":3}},"22":{"start":{"line":23,"column":4},"end":{"line":23,"column":94}},"23":{"start":{"line":26,"column":13},"end":{"line":35,"column":4}},"24":{"start":{"line":36,"column":2},"end":{"line":36,"column":65}},"25":{"start":{"line":20,"column":13},"end":{"line":20,"column":33}},"26":{"start":{"line":44,"column":35},"end":{"line":52,"column":1}},"27":{"start":{"line":45,"column":2},"end":{"line":45,"column":42}},"28":{"start":{"line":45,"column":20},"end":{"line":45,"column":42}},"29":{"start":{"line":46,"column":2},"end":{"line":46,"column":57}},"30":{"start":{"line":46,"column":39},"end":{"line":46,"column":57}},"31":{"start":{"line":47,"column":2},"end":{"line":47,"column":47}},"32":{"start":{"line":47,"column":29},"end":{"line":47,"column":47}},"33":{"start":{"line":48,"column":2},"end":{"line":48,"column":46}},"34":{"start":{"line":48,"column":32},"end":{"line":48,"column":46}},"35":{"start":{"line":49,"column":2},"end":{"line":49,"column":128}},"36":{"start":{"line":49,"column":108},"end":{"line":49,"column":128}},"37":{"start":{"line":50,"column":2},"end":{"line":50,"column":45}},"38":{"start":{"line":50,"column":29},"end":{"line":50,"column":45}},"39":{"start":{"line":51,"column":2},"end":{"line":51,"column":17}},"40":{"start":{"line":44,"column":13},"end":{"line":44,"column":35}},"41":{"start":{"line":60,"column":26},"end":{"line":85,"column":1}},"42":{"start":{"line":61,"column":2},"end":{"line":61,"column":82}},"43":{"start":{"line":61,"column":61},"end":{"line":61,"column":82}},"44":{"start":{"line":62,"column":16},"end":{"line":62,"column":33}},"45":{"start":{"line":63,"column":19},"end":{"line":63,"column":20}},"46":{"start":{"line":64,"column":17},"end":{"line":79,"column":4}},"47":{"start":{"line":65,"column":16},"end":{"line":65,"column":17}},"48":{"start":{"line":66,"column":4},"end":{"line":72,"column":5}},"49":{"start":{"line":67,"column":6},"end":{"line":67,"column":57}},"50":{"start":{"line":68,"column":6},"end":{"line":68,"column":26}},"51":{"start":{"line":69,"column":11},"end":{"line":72,"column":5}},"52":{"start":{"line":70,"column":6},"end":{"line":70,"column":27}},"53":{"start":{"line":71,"column":6},"end":{"line":71,"column":26}},"54":{"start":{"line":73,"column":4},"end":{"line":77,"column":null}},"55":{"start":{"line":81,"column":2},"end":{"line":83,"column":3}},"56":{"start":{"line":82,"column":4},"end":{"line":82,"column":42}},"57":{"start":{"line":84,"column":2},"end":{"line":84,"column":16}},"58":{"start":{"line":60,"column":13},"end":{"line":60,"column":26}},"59":{"start":{"line":92,"column":32},"end":{"line":114,"column":2}},"60":{"start":{"line":92,"column":118},"end":{"line":114,"column":2}},"61":{"start":{"line":93,"column":2},"end":{"line":113,"column":3}},"62":{"start":{"line":94,"column":20},"end":{"line":94,"column":42}},"63":{"start":{"line":95,"column":20},"end":{"line":95,"column":69}},"64":{"start":{"line":96,"column":4},"end":{"line":96,"column":31}},"65":{"start":{"line":96,"column":24},"end":{"line":96,"column":31}},"66":{"start":{"line":98,"column":21},"end":{"line":101,"column":20}},"67":{"start":{"line":102,"column":4},"end":{"line":102,"column":30}},"68":{"start":{"line":102,"column":23},"end":{"line":102,"column":30}},"69":{"start":{"line":103,"column":4},"end":{"line":112,"column":7}},"70":{"start":{"line":92,"column":13},"end":{"line":92,"column":32}}},"fnMap":{"0":{"name":"(anonymous_7)","decl":{"start":{"line":4,"column":33},"end":{"line":4,"column":40}},"loc":{"start":{"line":4,"column":56},"end":{"line":18,"column":2}}},"1":{"name":"(anonymous_8)","decl":{"start":{"line":4,"column":56},"end":{"line":4,"column":null}},"loc":{"start":{"line":4,"column":56},"end":{"line":18,"column":1}}},"2":{"name":"(anonymous_9)","decl":{"start":{"line":20,"column":33},"end":{"line":20,"column":40}},"loc":{"start":{"line":20,"column":56},"end":{"line":37,"column":2}}},"3":{"name":"(anonymous_10)","decl":{"start":{"line":20,"column":56},"end":{"line":20,"column":null}},"loc":{"start":{"line":20,"column":56},"end":{"line":37,"column":1}}},"4":{"name":"(anonymous_11)","decl":{"start":{"line":44,"column":35},"end":{"line":44,"column":36}},"loc":{"start":{"line":44,"column":56},"end":{"line":52,"column":1}}},"5":{"name":"(anonymous_12)","decl":{"start":{"line":60,"column":26},"end":{"line":60,"column":27}},"loc":{"start":{"line":60,"column":66},"end":{"line":85,"column":1}}},"6":{"name":"(anonymous_13)","decl":{"start":{"line":64,"column":32},"end":{"line":64,"column":33}},"loc":{"start":{"line":64,"column":41},"end":{"line":79,"column":3}}},"7":{"name":"(anonymous_14)","decl":{"start":{"line":92,"column":32},"end":{"line":92,"column":39}},"loc":{"start":{"line":92,"column":118},"end":{"line":114,"column":2}}},"8":{"name":"(anonymous_15)","decl":{"start":{"line":92,"column":118},"end":{"line":92,"column":null}},"loc":{"start":{"line":92,"column":118},"end":{"line":114,"column":1}}}},"branchMap":{"0":{"loc":{"start":{"line":7,"column":2},"end":{"line":7,"column":66}},"type":"if","locations":[{"start":{"line":7,"column":2},"end":{"line":7,"column":66}},{"start":{},"end":{}}]},"1":{"loc":{"start":{"line":8,"column":2},"end":{"line":8,"column":72}},"type":"if","locations":[{"start":{"line":8,"column":2},"end":{"line":8,"column":72}},{"start":{},"end":{}}]},"2":{"loc":{"start":{"line":9,"column":2},"end":{"line":9,"column":106}},"type":"if","locations":[{"start":{"line":9,"column":2},"end":{"line":9,"column":106}},{"start":{},"end":{}}]},"3":{"loc":{"start":{"line":9,"column":6},"end":{"line":9,"column":54}},"type":"binary-expr","locations":[{"start":{"line":9,"column":6},"end":{"line":9,"column":23}},{"start":{"line":9,"column":27},"end":{"line":9,"column":54}}]},"4":{"loc":{"start":{"line":11,"column":2},"end":{"line":16,"column":3}},"type":"if","locations":[{"start":{"line":11,"column":2},"end":{"line":16,"column":3}},{"start":{},"end":{}}]},"5":{"loc":{"start":{"line":11,"column":6},"end":{"line":11,"column":46}},"type":"binary-expr","locations":[{"start":{"line":11,"column":6},"end":{"line":11,"column":19}},{"start":{"line":11,"column":23},"end":{"line":11,"column":46}}]},"6":{"loc":{"start":{"line":22,"column":2},"end":{"line":24,"column":3}},"type":"if","locations":[{"start":{"line":22,"column":2},"end":{"line":24,"column":3}},{"start":{},"end":{}}]},"7":{"loc":{"start":{"line":32,"column":15},"end":{"line":32,"column":43}},"type":"binary-expr","locations":[{"start":{"line":32,"column":15},"end":{"line":32,"column":35}},{"start":{"line":32,"column":39},"end":{"line":32,"column":43}}]},"8":{"loc":{"start":{"line":34,"column":15},"end":{"line":34,"column":43}},"type":"binary-expr","locations":[{"start":{"line":34,"column":15},"end":{"line":34,"column":35}},{"start":{"line":34,"column":39},"end":{"line":34,"column":43}}]},"9":{"loc":{"start":{"line":45,"column":2},"end":{"line":45,"column":42}},"type":"if","locations":[{"start":{"line":45,"column":2},"end":{"line":45,"column":42}},{"start":{},"end":{}}]},"10":{"loc":{"start":{"line":46,"column":2},"end":{"line":46,"column":57}},"type":"if","locations":[{"start":{"line":46,"column":2},"end":{"line":46,"column":57}},{"start":{},"end":{}}]},"11":{"loc":{"start":{"line":47,"column":2},"end":{"line":47,"column":47}},"type":"if","locations":[{"start":{"line":47,"column":2},"end":{"line":47,"column":47}},{"start":{},"end":{}}]},"12":{"loc":{"start":{"line":48,"column":2},"end":{"line":48,"column":46}},"type":"if","locations":[{"start":{"line":48,"column":2},"end":{"line":48,"column":46}},{"start":{},"end":{}}]},"13":{"loc":{"start":{"line":49,"column":2},"end":{"line":49,"column":128}},"type":"if","locations":[{"start":{"line":49,"column":2},"end":{"line":49,"column":128}},{"start":{},"end":{}}]},"14":{"loc":{"start":{"line":49,"column":6},"end":{"line":49,"column":106}},"type":"binary-expr","locations":[{"start":{"line":49,"column":6},"end":{"line":49,"column":30}},{"start":{"line":49,"column":34},"end":{"line":49,"column":106}}]},"15":{"loc":{"start":{"line":50,"column":2},"end":{"line":50,"column":45}},"type":"if","locations":[{"start":{"line":50,"column":2},"end":{"line":50,"column":45}},{"start":{},"end":{}}]},"16":{"loc":{"start":{"line":61,"column":2},"end":{"line":61,"column":82}},"type":"if","locations":[{"start":{"line":61,"column":2},"end":{"line":61,"column":82}},{"start":{},"end":{}}]},"17":{"loc":{"start":{"line":61,"column":6},"end":{"line":61,"column":59}},"type":"binary-expr","locations":[{"start":{"line":61,"column":6},"end":{"line":61,"column":32}},{"start":{"line":61,"column":36},"end":{"line":61,"column":59}}]},"18":{"loc":{"start":{"line":66,"column":4},"end":{"line":72,"column":5}},"type":"if","locations":[{"start":{"line":66,"column":4},"end":{"line":72,"column":5}},{"start":{"line":69,"column":11},"end":{"line":72,"column":5}}]},"19":{"loc":{"start":{"line":69,"column":11},"end":{"line":72,"column":5}},"type":"if","locations":[{"start":{"line":69,"column":11},"end":{"line":72,"column":5}},{"start":{},"end":{}}]},"20":{"loc":{"start":{"line":81,"column":2},"end":{"line":83,"column":3}},"type":"if","locations":[{"start":{"line":81,"column":2},"end":{"line":83,"column":3}},{"start":{},"end":{}}]},"21":{"loc":{"start":{"line":93,"column":2},"end":{"line":113,"column":3}},"type":"if","locations":[{"start":{"line":93,"column":2},"end":{"line":113,"column":3}},{"start":{},"end":{}}]},"22":{"loc":{"start":{"line":93,"column":6},"end":{"line":93,"column":61}},"type":"binary-expr","locations":[{"start":{"line":93,"column":6},"end":{"line":93,"column":36}},{"start":{"line":93,"column":40},"end":{"line":93,"column":61}}]},"23":{"loc":{"start":{"line":94,"column":20},"end":{"line":94,"column":42}},"type":"cond-expr","locations":[{"start":{"line":94,"column":36},"end":{"line":94,"column":40}},{"start":{"line":94,"column":40},"end":{"line":94,"column":42}}]},"24":{"loc":{"start":{"line":94,"column":20},"end":{"line":94,"column":40}},"type":"binary-expr","locations":[{"start":{"line":94,"column":20},"end":{"line":94,"column":40}},{"start":{"line":94,"column":36},"end":{"line":94,"column":40}}]},"25":{"loc":{"start":{"line":94,"column":20},"end":{"line":94,"column":36}},"type":"cond-expr","locations":[{"start":{"line":94,"column":27},"end":{"line":94,"column":29}},{"start":{"line":94,"column":20},"end":{"line":94,"column":36}}]},"26":{"loc":{"start":{"line":94,"column":20},"end":{"line":94,"column":29}},"type":"binary-expr","locations":[{"start":{"line":94,"column":20},"end":{"line":94,"column":29}},{"start":{"line":94,"column":20},"end":{"line":94,"column":29}}]},"27":{"loc":{"start":{"line":96,"column":4},"end":{"line":96,"column":31}},"type":"if","locations":[{"start":{"line":96,"column":4},"end":{"line":96,"column":31}},{"start":{},"end":{}}]},"28":{"loc":{"start":{"line":102,"column":4},"end":{"line":102,"column":30}},"type":"if","locations":[{"start":{"line":102,"column":4},"end":{"line":102,"column":30}},{"start":{},"end":{}}]},"29":{"loc":{"start":{"line":110,"column":18},"end":{"line":110,"column":69}},"type":"binary-expr","locations":[{"start":{"line":110,"column":18},"end":{"line":110,"column":43}},{"start":{"line":110,"column":47},"end":{"line":110,"column":69}}]},"30":{"loc":{"start":{"line":110,"column":18},"end":{"line":110,"column":43}},"type":"cond-expr","locations":[{"start":{"line":110,"column":25},"end":{"line":110,"column":27}},{"start":{"line":110,"column":18},"end":{"line":110,"column":43}}]},"31":{"loc":{"start":{"line":110,"column":18},"end":{"line":110,"column":27}},"type":"binary-expr","locations":[{"start":{"line":110,"column":18},"end":{"line":110,"column":27}},{"start":{"line":110,"column":18},"end":{"line":110,"column":27}}]},"32":{"loc":{"start":{"line":111,"column":17},"end":{"line":111,"column":46}},"type":"cond-expr","locations":[{"start":{"line":111,"column":38},"end":{"line":111,"column":42}},{"start":{"line":111,"column":42},"end":{"line":111,"column":46}}]},"33":{"loc":{"start":{"line":111,"column":17},"end":{"line":111,"column":42}},"type":"binary-expr","locations":[{"start":{"line":111,"column":17},"end":{"line":111,"column":42}},{"start":{"line":111,"column":38},"end":{"line":111,"column":42}}]}},"s":{"0":1,"1":1,"2":1,"3":0,"4":0,"5":0,"6":0,"7":0,"8":0,"9":0,"10":0,"11":0,"12":0,"13":0,"14":0,"15":0,"16":0,"17":1,"18":1,"19":3,"20":3,"21":3,"22":2,"23":1,"24":1,"25":1,"26":1,"27":0,"28":0,"29":0,"30":0,"31":0,"32":0,"33":0,"34":0,"35":0,"36":0,"37":0,"38":0,"39":0,"40":1,"41":1,"42":0,"43":0,"44":0,"45":0,"46":0,"47":0,"48":0,"49":0,"50":0,"51":0,"52":0,"53":0,"54":0,"55":0,"56":0,"57":0,"58":1,"59":1,"60":0,"61":0,"62":0,"63":0,"64":0,"65":0,"66":0,"67":0,"68":0,"69":0,"70":1},"f":{"0":0,"1":0,"2":3,"3":3,"4":0,"5":0,"6":0,"7":0,"8":0},"b":{"0":[0,0],"1":[0,0],"2":[0,0],"3":[0,0],"4":[0,0],"5":[0,0],"6":[2,1],"7":[1,0],"8":[1,1],"9":[0,0],"10":[0,0],"11":[0,0],"12":[0,0],"13":[0,0],"14":[0,0],"15":[0,0],"16":[0,0],"17":[0,0],"18":[0,0],"19":[0,0],"20":[0,0],"21":[0,0],"22":[0,0],"23":[0,0],"24":[0,0],"25":[0,0],"26":[0,0],"27":[0,0],"28":[0,0],"29":[0,0],"30":[0,0],"31":[0,0],"32":[0,0],"33":[0,0]}}
,"C:\\Users\\pmati\\APP_Meu_Dinheiro\\meu-dinheiro-pt-digital\\src\\hooks\\use-toast.ts": {"path":"C:\\Users\\pmati\\APP_Meu_Dinheiro\\meu-dinheiro-pt-digital\\src\\hooks\\use-toast.ts","statementMap":{"0":{"start":{"line":191,"column":9},"end":{"line":191,"column":17}},"1":{"start":{"line":191,"column":19},"end":{"line":191,"column":24}},"2":{"start":{"line":1,"column":0},"end":{"line":1,"column":30}},"3":{"start":{"line":8,"column":20},"end":{"line":8,"column":21}},"4":{"start":{"line":9,"column":27},"end":{"line":9,"column":34}},"5":{"start":{"line":18,"column":20},"end":{"line":23,"column":null}},"6":{"start":{"line":25,"column":12},"end":{"line":25,"column":13}},"7":{"start":{"line":28,"column":2},"end":{"line":28,"column":null}},"8":{"start":{"line":29,"column":2},"end":{"line":29,"column":null}},"9":{"start":{"line":56,"column":22},"end":{"line":56,"column":70}},"10":{"start":{"line":58,"column":25},"end":{"line":72,"column":1}},"11":{"start":{"line":59,"column":2},"end":{"line":61,"column":3}},"12":{"start":{"line":60,"column":4},"end":{"line":60,"column":10}},"13":{"start":{"line":63,"column":18},"end":{"line":69,"column":24}},"14":{"start":{"line":64,"column":4},"end":{"line":64,"column":null}},"15":{"start":{"line":65,"column":4},"end":{"line":68,"column":null}},"16":{"start":{"line":71,"column":2},"end":{"line":71,"column":null}},"17":{"start":{"line":74,"column":23},"end":{"line":127,"column":1}},"18":{"start":{"line":75,"column":2},"end":{"line":126,"column":3}},"19":{"start":{"line":77,"column":6},"end":{"line":79,"column":null}},"20":{"start":{"line":83,"column":6},"end":{"line":87,"column":null}},"21":{"start":{"line":86,"column":10},"end":{"line":86,"column":66}},"22":{"start":{"line":91,"column":26},"end":{"line":91,"column":32}},"23":{"start":{"line":95,"column":6},"end":{"line":101,"column":7}},"24":{"start":{"line":96,"column":8},"end":{"line":96,"column":null}},"25":{"start":{"line":98,"column":8},"end":{"line":100,"column":null}},"26":{"start":{"line":99,"column":10},"end":{"line":99,"column":null}},"27":{"start":{"line":103,"column":6},"end":{"line":112,"column":null}},"28":{"start":{"line":106,"column":10},"end":{"line":111,"column":15}},"29":{"start":{"line":116,"column":6},"end":{"line":121,"column":7}},"30":{"start":{"line":117,"column":8},"end":{"line":119,"column":null}},"31":{"start":{"line":122,"column":6},"end":{"line":124,"column":null}},"32":{"start":{"line":124,"column":43},"end":{"line":124,"column":66}},"33":{"start":{"line":74,"column":13},"end":{"line":74,"column":23}},"34":{"start":{"line":129,"column":49},"end":{"line":129,"column":51}},"35":{"start":{"line":131,"column":25},"end":{"line":131,"column":39}},"36":{"start":{"line":134,"column":2},"end":{"line":134,"column":null}},"37":{"start":{"line":135,"column":2},"end":{"line":137,"column":null}},"38":{"start":{"line":136,"column":4},"end":{"line":136,"column":null}},"39":{"start":{"line":142,"column":25},"end":{"line":142,"column":34}},"40":{"start":{"line":143,"column":13},"end":{"line":143,"column":20}},"41":{"start":{"line":145,"column":17},"end":{"line":149,"column":6}},"42":{"start":{"line":146,"column":4},"end":{"line":149,"column":6}},"43":{"start":{"line":150,"column":18},"end":{"line":150,"column":72}},"44":{"start":{"line":150,"column":24},"end":{"line":150,"column":72}},"45":{"start":{"line":152,"column":2},"end":{"line":162,"column":null}},"46":{"start":{"line":159,"column":8},"end":{"line":159,"column":null}},"47":{"start":{"line":159,"column":19},"end":{"line":159,"column":null}},"48":{"start":{"line":164,"column":2},"end":{"line":168,"column":null}},"49":{"start":{"line":172,"column":28},"end":{"line":172,"column":62}},"50":{"start":{"line":174,"column":2},"end":{"line":182,"column":null}},"51":{"start":{"line":175,"column":4},"end":{"line":175,"column":null}},"52":{"start":{"line":176,"column":4},"end":{"line":181,"column":null}},"53":{"start":{"line":177,"column":20},"end":{"line":177,"column":47}},"54":{"start":{"line":178,"column":6},"end":{"line":180,"column":7}},"55":{"start":{"line":179,"column":8},"end":{"line":179,"column":null}},"56":{"start":{"line":184,"column":2},"end":{"line":187,"column":null}},"57":{"start":{"line":187,"column":35},"end":{"line":187,"column":79}}},"fnMap":{"0":{"name":"genId","decl":{"start":{"line":27,"column":9},"end":{"line":27,"column":14}},"loc":{"start":{"line":27,"column":14},"end":{"line":30,"column":1}}},"1":{"name":"(anonymous_11)","decl":{"start":{"line":58,"column":25},"end":{"line":58,"column":26}},"loc":{"start":{"line":58,"column":45},"end":{"line":72,"column":1}}},"2":{"name":"(anonymous_12)","decl":{"start":{"line":63,"column":29},"end":{"line":63,"column":32}},"loc":{"start":{"line":63,"column":34},"end":{"line":69,"column":3}}},"3":{"name":"(anonymous_13)","decl":{"start":{"line":74,"column":23},"end":{"line":74,"column":24}},"loc":{"start":{"line":74,"column":63},"end":{"line":127,"column":1}}},"4":{"name":"(anonymous_14)","decl":{"start":{"line":85,"column":33},"end":{"line":85,"column":34}},"loc":{"start":{"line":86,"column":10},"end":{"line":86,"column":66}}},"5":{"name":"(anonymous_15)","decl":{"start":{"line":98,"column":29},"end":{"line":98,"column":30}},"loc":{"start":{"line":98,"column":39},"end":{"line":100,"column":9}}},"6":{"name":"(anonymous_16)","decl":{"start":{"line":105,"column":33},"end":{"line":105,"column":34}},"loc":{"start":{"line":106,"column":10},"end":{"line":111,"column":15}}},"7":{"name":"(anonymous_17)","decl":{"start":{"line":124,"column":36},"end":{"line":124,"column":37}},"loc":{"start":{"line":124,"column":43},"end":{"line":124,"column":66}}},"8":{"name":"dispatch","decl":{"start":{"line":133,"column":9},"end":{"line":133,"column":17}},"loc":{"start":{"line":133,"column":32},"end":{"line":138,"column":1}}},"9":{"name":"(anonymous_19)","decl":{"start":{"line":135,"column":20},"end":{"line":135,"column":21}},"loc":{"start":{"line":135,"column":33},"end":{"line":137,"column":3}}},"10":{"name":"toast","decl":{"start":{"line":142,"column":9},"end":{"line":142,"column":14}},"loc":{"start":{"line":142,"column":34},"end":{"line":169,"column":1}}},"11":{"name":"(anonymous_21)","decl":{"start":{"line":145,"column":17},"end":{"line":145,"column":18}},"loc":{"start":{"line":146,"column":4},"end":{"line":149,"column":6}}},"12":{"name":"(anonymous_22)","decl":{"start":{"line":150,"column":18},"end":{"line":150,"column":21}},"loc":{"start":{"line":150,"column":24},"end":{"line":150,"column":72}}},"13":{"name":"(anonymous_23)","decl":{"start":{"line":158,"column":20},"end":{"line":158,"column":21}},"loc":{"start":{"line":158,"column":29},"end":{"line":160,"column":7}}},"14":{"name":"useToast","decl":{"start":{"line":171,"column":9},"end":{"line":171,"column":17}},"loc":{"start":{"line":171,"column":17},"end":{"line":189,"column":1}}},"15":{"name":"(anonymous_25)","decl":{"start":{"line":174,"column":18},"end":{"line":174,"column":21}},"loc":{"start":{"line":174,"column":23},"end":{"line":182,"column":3}}},"16":{"name":"(anonymous_26)","decl":{"start":{"line":176,"column":11},"end":{"line":176,"column":14}},"loc":{"start":{"line":176,"column":16},"end":{"line":181,"column":5}}},"17":{"name":"(anonymous_27)","decl":{"start":{"line":187,"column":13},"end":{"line":187,"column":14}},"loc":{"start":{"line":187,"column":35},"end":{"line":187,"column":79}}}},"branchMap":{"0":{"loc":{"start":{"line":59,"column":2},"end":{"line":61,"column":3}},"type":"if","locations":[{"start":{"line":59,"column":2},"end":{"line":61,"column":3}},{"start":{},"end":{}}]},"1":{"loc":{"start":{"line":75,"column":2},"end":{"line":126,"column":3}},"type":"switch","locations":[{"start":{"line":76,"column":4},"end":{"line":79,"column":null}},{"start":{"line":82,"column":4},"end":{"line":87,"column":null}},{"start":{"line":90,"column":4},"end":{"line":114,"column":5}},{"start":{"line":115,"column":4},"end":{"line":124,"column":null}}]},"2":{"loc":{"start":{"line":86,"column":10},"end":{"line":86,"column":66}},"type":"cond-expr","locations":[{"start":{"line":86,"column":36},"end":{"line":86,"column":63}},{"start":{"line":86,"column":65},"end":{"line":86,"column":66}}]},"3":{"loc":{"start":{"line":95,"column":6},"end":{"line":101,"column":7}},"type":"if","locations":[{"start":{"line":95,"column":6},"end":{"line":101,"column":7}},{"start":{"line":97,"column":13},"end":{"line":101,"column":7}}]},"4":{"loc":{"start":{"line":106,"column":10},"end":{"line":111,"column":15}},"type":"cond-expr","locations":[{"start":{"line":107,"column":13},"end":{"line":109,"column":null}},{"start":{"line":111,"column":14},"end":{"line":111,"column":15}}]},"5":{"loc":{"start":{"line":106,"column":10},"end":{"line":106,"column":51}},"type":"binary-expr","locations":[{"start":{"line":106,"column":10},"end":{"line":106,"column":26}},{"start":{"line":106,"column":30},"end":{"line":106,"column":51}}]},"6":{"loc":{"start":{"line":116,"column":6},"end":{"line":121,"column":7}},"type":"if","locations":[{"start":{"line":116,"column":6},"end":{"line":121,"column":7}},{"start":{},"end":{}}]},"7":{"loc":{"start":{"line":159,"column":8},"end":{"line":159,"column":null}},"type":"if","locations":[{"start":{"line":159,"column":8},"end":{"line":159,"column":null}},{"start":{},"end":{}}]},"8":{"loc":{"start":{"line":178,"column":6},"end":{"line":180,"column":7}},"type":"if","locations":[{"start":{"line":178,"column":6},"end":{"line":180,"column":7}},{"start":{},"end":{}}]}},"s":{"0":1,"1":1,"2":1,"3":1,"4":1,"5":1,"6":1,"7":0,"8":0,"9":1,"10":1,"11":0,"12":0,"13":0,"14":0,"15":0,"16":0,"17":1,"18":0,"19":0,"20":0,"21":0,"22":0,"23":0,"24":0,"25":0,"26":0,"27":0,"28":0,"29":0,"30":0,"31":0,"32":0,"33":1,"34":1,"35":1,"36":0,"37":0,"38":0,"39":0,"40":0,"41":0,"42":0,"43":0,"44":0,"45":0,"46":0,"47":0,"48":0,"49":2,"50":2,"51":1,"52":1,"53":1,"54":1,"55":1,"56":2,"57":0},"f":{"0":0,"1":0,"2":0,"3":0,"4":0,"5":0,"6":0,"7":0,"8":0,"9":0,"10":0,"11":0,"12":0,"13":0,"14":2,"15":1,"16":1,"17":0},"b":{"0":[0,0],"1":[0,0,0,0],"2":[0,0],"3":[0,0],"4":[0,0],"5":[0,0],"6":[0,0],"7":[0,0],"8":[1,0]}}
,"C:\\Users\\pmati\\APP_Meu_Dinheiro\\meu-dinheiro-pt-digital\\src\\hooks\\useFamilyData.tsx": {"path":"C:\\Users\\pmati\\APP_Meu_Dinheiro\\meu-dinheiro-pt-digital\\src\\hooks\\useFamilyData.tsx","statementMap":{"0":{"start":{"line":20,"column":0},"end":{"line":20,"column":16}},"1":{"start":{"line":1,"column":0},"end":{"line":1,"column":46}},"2":{"start":{"line":2,"column":0},"end":{"line":2,"column":58}},"3":{"start":{"line":3,"column":0},"end":{"line":3,"column":45}},"4":{"start":{"line":4,"column":0},"end":{"line":4,"column":42}},"5":{"start":{"line":21,"column":19},"end":{"line":21,"column":28}},"6":{"start":{"line":22,"column":20},"end":{"line":22,"column":30}},"7":{"start":{"line":23,"column":32},"end":{"line":23,"column":46}},"8":{"start":{"line":24,"column":44},"end":{"line":24,"column":77}},"9":{"start":{"line":25,"column":38},"end":{"line":25,"column":53}},"10":{"start":{"line":27,"column":25},"end":{"line":44,"column":19}},"11":{"start":{"line":27,"column":48},"end":{"line":44,"column":5}},"12":{"start":{"line":28,"column":4},"end":{"line":28,"column":22}},"13":{"start":{"line":28,"column":15},"end":{"line":28,"column":22}},"14":{"start":{"line":29,"column":4},"end":{"line":29,"column":21}},"15":{"start":{"line":30,"column":4},"end":{"line":43,"column":5}},"16":{"start":{"line":32,"column":30},"end":{"line":36,"column":17}},"17":{"start":{"line":37,"column":6},"end":{"line":37,"column":29}},"18":{"start":{"line":37,"column":17},"end":{"line":37,"column":29}},"19":{"start":{"line":38,"column":6},"end":{"line":38,"column":43}},"20":{"start":{"line":40,"column":6},"end":{"line":40,"column":79}},"21":{"start":{"line":42,"column":6},"end":{"line":42,"column":24}},"22":{"start":{"line":46,"column":23},"end":{"line":63,"column":34}},"23":{"start":{"line":46,"column":74},"end":{"line":63,"column":5}},"24":{"start":{"line":47,"column":4},"end":{"line":47,"column":40}},"25":{"start":{"line":47,"column":33},"end":{"line":47,"column":40}},"26":{"start":{"line":48,"column":4},"end":{"line":48,"column":21}},"27":{"start":{"line":49,"column":4},"end":{"line":62,"column":5}},"28":{"start":{"line":50,"column":30},"end":{"line":54,"column":17}},"29":{"start":{"line":55,"column":6},"end":{"line":55,"column":29}},"30":{"start":{"line":55,"column":17},"end":{"line":55,"column":29}},"31":{"start":{"line":56,"column":6},"end":{"line":56,"column":43}},"32":{"start":{"line":57,"column":6},"end":{"line":57,"column":57}},"33":{"start":{"line":59,"column":6},"end":{"line":59,"column":80}},"34":{"start":{"line":61,"column":6},"end":{"line":61,"column":24}},"35":{"start":{"line":65,"column":23},"end":{"line":81,"column":34}},"36":{"start":{"line":65,"column":46},"end":{"line":81,"column":5}},"37":{"start":{"line":66,"column":4},"end":{"line":66,"column":40}},"38":{"start":{"line":66,"column":33},"end":{"line":66,"column":40}},"39":{"start":{"line":67,"column":4},"end":{"line":67,"column":21}},"40":{"start":{"line":68,"column":4},"end":{"line":80,"column":5}},"41":{"start":{"line":69,"column":24},"end":{"line":72,"column":35}},"42":{"start":{"line":73,"column":6},"end":{"line":73,"column":29}},"43":{"start":{"line":73,"column":17},"end":{"line":73,"column":29}},"44":{"start":{"line":74,"column":6},"end":{"line":74,"column":29}},"45":{"start":{"line":75,"column":6},"end":{"line":75,"column":55}},"46":{"start":{"line":77,"column":6},"end":{"line":77,"column":78}},"47":{"start":{"line":79,"column":6},"end":{"line":79,"column":24}},"48":{"start":{"line":83,"column":24},"end":{"line":93,"column":29}},"49":{"start":{"line":83,"column":47},"end":{"line":93,"column":5}},"50":{"start":{"line":84,"column":4},"end":{"line":84,"column":24}},"51":{"start":{"line":85,"column":4},"end":{"line":92,"column":5}},"52":{"start":{"line":86,"column":6},"end":{"line":86,"column":29}},"53":{"start":{"line":87,"column":6},"end":{"line":87,"column":107}},"54":{"start":{"line":89,"column":6},"end":{"line":89,"column":70}},"55":{"start":{"line":91,"column":6},"end":{"line":91,"column":27}},"56":{"start":{"line":95,"column":2},"end":{"line":103,"column":4}}},"fnMap":{"0":{"name":"useFamilyData","decl":{"start":{"line":20,"column":16},"end":{"line":20,"column":29}},"loc":{"start":{"line":20,"column":29},"end":{"line":104,"column":1}}},"1":{"name":"(anonymous_8)","decl":{"start":{"line":27,"column":37},"end":{"line":27,"column":46}},"loc":{"start":{"line":27,"column":48},"end":{"line":44,"column":5}}},"2":{"name":"(anonymous_9)","decl":{"start":{"line":27,"column":48},"end":{"line":27,"column":null}},"loc":{"start":{"line":27,"column":48},"end":{"line":44,"column":3}}},"3":{"name":"(anonymous_10)","decl":{"start":{"line":46,"column":35},"end":{"line":46,"column":42}},"loc":{"start":{"line":46,"column":74},"end":{"line":63,"column":5}}},"4":{"name":"(anonymous_11)","decl":{"start":{"line":46,"column":74},"end":{"line":46,"column":null}},"loc":{"start":{"line":46,"column":74},"end":{"line":63,"column":3}}},"5":{"name":"(anonymous_12)","decl":{"start":{"line":65,"column":35},"end":{"line":65,"column":44}},"loc":{"start":{"line":65,"column":46},"end":{"line":81,"column":5}}},"6":{"name":"(anonymous_13)","decl":{"start":{"line":65,"column":46},"end":{"line":65,"column":null}},"loc":{"start":{"line":65,"column":46},"end":{"line":81,"column":3}}},"7":{"name":"(anonymous_14)","decl":{"start":{"line":83,"column":36},"end":{"line":83,"column":45}},"loc":{"start":{"line":83,"column":47},"end":{"line":93,"column":5}}},"8":{"name":"(anonymous_15)","decl":{"start":{"line":83,"column":47},"end":{"line":83,"column":null}},"loc":{"start":{"line":83,"column":47},"end":{"line":93,"column":3}}}},"branchMap":{"0":{"loc":{"start":{"line":28,"column":4},"end":{"line":28,"column":22}},"type":"if","locations":[{"start":{"line":28,"column":4},"end":{"line":28,"column":22}},{"start":{},"end":{}}]},"1":{"loc":{"start":{"line":37,"column":6},"end":{"line":37,"column":29}},"type":"if","locations":[{"start":{"line":37,"column":6},"end":{"line":37,"column":29}},{"start":{},"end":{}}]},"2":{"loc":{"start":{"line":47,"column":4},"end":{"line":47,"column":40}},"type":"if","locations":[{"start":{"line":47,"column":4},"end":{"line":47,"column":40}},{"start":{},"end":{}}]},"3":{"loc":{"start":{"line":47,"column":8},"end":{"line":47,"column":31}},"type":"binary-expr","locations":[{"start":{"line":47,"column":8},"end":{"line":47,"column":13}},{"start":{"line":47,"column":17},"end":{"line":47,"column":31}}]},"4":{"loc":{"start":{"line":55,"column":6},"end":{"line":55,"column":29}},"type":"if","locations":[{"start":{"line":55,"column":6},"end":{"line":55,"column":29}},{"start":{},"end":{}}]},"5":{"loc":{"start":{"line":66,"column":4},"end":{"line":66,"column":40}},"type":"if","locations":[{"start":{"line":66,"column":4},"end":{"line":66,"column":40}},{"start":{},"end":{}}]},"6":{"loc":{"start":{"line":66,"column":8},"end":{"line":66,"column":31}},"type":"binary-expr","locations":[{"start":{"line":66,"column":8},"end":{"line":66,"column":13}},{"start":{"line":66,"column":17},"end":{"line":66,"column":31}}]},"7":{"loc":{"start":{"line":73,"column":6},"end":{"line":73,"column":29}},"type":"if","locations":[{"start":{"line":73,"column":6},"end":{"line":73,"column":29}},{"start":{},"end":{}}]}},"s":{"0":2,"1":2,"2":2,"3":2,"4":2,"5":6,"6":6,"7":6,"8":1,"9":1,"10":1,"11":0,"12":0,"13":0,"14":0,"15":0,"16":0,"17":0,"18":0,"19":0,"20":0,"21":0,"22":1,"23":0,"24":0,"25":0,"26":0,"27":0,"28":0,"29":0,"30":0,"31":0,"32":0,"33":0,"34":0,"35":1,"36":0,"37":0,"38":0,"39":0,"40":0,"41":0,"42":0,"43":0,"44":0,"45":0,"46":0,"47":0,"48":1,"49":0,"50":0,"51":0,"52":0,"53":0,"54":0,"55":0,"56":1},"f":{"0":6,"1":0,"2":0,"3":0,"4":0,"5":0,"6":0,"7":0,"8":0},"b":{"0":[0,0],"1":[0,0],"2":[0,0],"3":[0,0],"4":[0,0],"5":[0,0],"6":[0,0],"7":[0,0]}}
,"C:\\Users\\pmati\\APP_Meu_Dinheiro\\meu-dinheiro-pt-digital\\src\\hooks\\useGoalsData.tsx": {"path":"C:\\Users\\pmati\\APP_Meu_Dinheiro\\meu-dinheiro-pt-digital\\src\\hooks\\useGoalsData.tsx","statementMap":{"0":{"start":{"line":16,"column":0},"end":{"line":16,"column":16}},"1":{"start":{"line":1,"column":0},"end":{"line":1,"column":44}},"2":{"start":{"line":2,"column":0},"end":{"line":2,"column":58}},"3":{"start":{"line":3,"column":0},"end":{"line":3,"column":45}},"4":{"start":{"line":17,"column":2},"end":{"line":17,"column":66}},"5":{"start":{"line":18,"column":20},"end":{"line":18,"column":30}},"6":{"start":{"line":19,"column":28},"end":{"line":19,"column":48}},"7":{"start":{"line":20,"column":32},"end":{"line":20,"column":46}},"8":{"start":{"line":23,"column":4},"end":{"line":23,"column":74}},"9":{"start":{"line":24,"column":4},"end":{"line":27,"column":5}},"10":{"start":{"line":25,"column":6},"end":{"line":25,"column":75}},"11":{"start":{"line":26,"column":6},"end":{"line":26,"column":13}},"12":{"start":{"line":28,"column":4},"end":{"line":28,"column":21}},"13":{"start":{"line":29,"column":4},"end":{"line":46,"column":5}},"14":{"start":{"line":30,"column":18},"end":{"line":30,"column":52}},"15":{"start":{"line":31,"column":6},"end":{"line":35,"column":7}},"16":{"start":{"line":32,"column":8},"end":{"line":32,"column":48}},"17":{"start":{"line":34,"column":8},"end":{"line":34,"column":66}},"18":{"start":{"line":36,"column":6},"end":{"line":36,"column":51}},"19":{"start":{"line":37,"column":30},"end":{"line":37,"column":83}},"20":{"start":{"line":38,"column":6},"end":{"line":38,"column":72}},"21":{"start":{"line":39,"column":6},"end":{"line":39,"column":29}},"22":{"start":{"line":39,"column":17},"end":{"line":39,"column":29}},"23":{"start":{"line":40,"column":6},"end":{"line":40,"column":27}},"24":{"start":{"line":42,"column":6},"end":{"line":42,"column":101}},"25":{"start":{"line":44,"column":6},"end":{"line":44,"column":24}},"26":{"start":{"line":45,"column":6},"end":{"line":45,"column":54}},"27":{"start":{"line":49,"column":2},"end":{"line":51,"column":32}},"28":{"start":{"line":50,"column":4},"end":{"line":50,"column":16}},"29":{"start":{"line":53,"column":21},"end":{"line":62,"column":4}},"30":{"start":{"line":53,"column":46},"end":{"line":62,"column":4}},"31":{"start":{"line":54,"column":4},"end":{"line":61,"column":5}},"32":{"start":{"line":55,"column":24},"end":{"line":55,"column":78}},"33":{"start":{"line":56,"column":6},"end":{"line":56,"column":29}},"34":{"start":{"line":56,"column":17},"end":{"line":56,"column":29}},"35":{"start":{"line":57,"column":6},"end":{"line":57,"column":53}},"36":{"start":{"line":58,"column":6},"end":{"line":58,"column":18}},"37":{"start":{"line":60,"column":6},"end":{"line":60,"column":100}},"38":{"start":{"line":64,"column":27},"end":{"line":73,"column":4}},"39":{"start":{"line":64,"column":71},"end":{"line":73,"column":4}},"40":{"start":{"line":65,"column":4},"end":{"line":72,"column":5}},"41":{"start":{"line":66,"column":24},"end":{"line":66,"column":104}},"42":{"start":{"line":67,"column":6},"end":{"line":67,"column":29}},"43":{"start":{"line":67,"column":17},"end":{"line":67,"column":29}},"44":{"start":{"line":68,"column":6},"end":{"line":68,"column":55}},"45":{"start":{"line":69,"column":6},"end":{"line":69,"column":18}},"46":{"start":{"line":71,"column":6},"end":{"line":71,"column":102}},"47":{"start":{"line":77,"column":2},"end":{"line":84,"column":4}}},"fnMap":{"0":{"name":"useGoalsData","decl":{"start":{"line":16,"column":16},"end":{"line":16,"column":28}},"loc":{"start":{"line":16,"column":76},"end":{"line":85,"column":1}}},"1":{"name":"loadGoals","decl":{"start":{"line":22,"column":17},"end":{"line":22,"column":26}},"loc":{"start":{"line":22,"column":26},"end":{"line":47,"column":null}}},"2":{"name":"(anonymous_10)","decl":{"start":{"line":49,"column":12},"end":{"line":49,"column":15}},"loc":{"start":{"line":49,"column":17},"end":{"line":51,"column":3}}},"3":{"name":"(anonymous_11)","decl":{"start":{"line":53,"column":21},"end":{"line":53,"column":28}},"loc":{"start":{"line":53,"column":46},"end":{"line":62,"column":4}}},"4":{"name":"(anonymous_12)","decl":{"start":{"line":53,"column":46},"end":{"line":53,"column":null}},"loc":{"start":{"line":53,"column":46},"end":{"line":62,"column":3}}},"5":{"name":"(anonymous_13)","decl":{"start":{"line":64,"column":27},"end":{"line":64,"column":34}},"loc":{"start":{"line":64,"column":71},"end":{"line":73,"column":4}}},"6":{"name":"(anonymous_14)","decl":{"start":{"line":64,"column":71},"end":{"line":64,"column":null}},"loc":{"start":{"line":64,"column":71},"end":{"line":73,"column":3}}}},"branchMap":{"0":{"loc":{"start":{"line":24,"column":4},"end":{"line":27,"column":5}},"type":"if","locations":[{"start":{"line":24,"column":4},"end":{"line":27,"column":5}},{"start":{},"end":{}}]},"1":{"loc":{"start":{"line":31,"column":6},"end":{"line":35,"column":7}},"type":"if","locations":[{"start":{"line":31,"column":6},"end":{"line":35,"column":7}},{"start":{"line":33,"column":13},"end":{"line":35,"column":7}}]},"2":{"loc":{"start":{"line":39,"column":6},"end":{"line":39,"column":29}},"type":"if","locations":[{"start":{"line":39,"column":6},"end":{"line":39,"column":29}},{"start":{},"end":{}}]},"3":{"loc":{"start":{"line":40,"column":15},"end":{"line":40,"column":25}},"type":"binary-expr","locations":[{"start":{"line":40,"column":15},"end":{"line":40,"column":19}},{"start":{"line":40,"column":23},"end":{"line":40,"column":25}}]},"4":{"loc":{"start":{"line":56,"column":6},"end":{"line":56,"column":29}},"type":"if","locations":[{"start":{"line":56,"column":6},"end":{"line":56,"column":29}},{"start":{},"end":{}}]},"5":{"loc":{"start":{"line":67,"column":6},"end":{"line":67,"column":29}},"type":"if","locations":[{"start":{"line":67,"column":6},"end":{"line":67,"column":29}},{"start":{},"end":{}}]}},"s":{"0":2,"1":2,"2":2,"3":2,"4":506477,"5":506477,"6":506477,"7":506477,"8":337653,"9":337653,"10":0,"11":0,"12":337653,"13":337653,"14":337653,"15":337653,"16":0,"17":337653,"18":337653,"19":337653,"20":337653,"21":337653,"22":0,"23":337653,"24":0,"25":337653,"26":337653,"27":506477,"28":337652,"29":506477,"30":0,"31":0,"32":0,"33":0,"34":0,"35":0,"36":0,"37":0,"38":506477,"39":1,"40":1,"41":1,"42":1,"43":0,"44":1,"45":1,"46":0,"47":506477},"f":{"0":506477,"1":337653,"2":337652,"3":0,"4":0,"5":1,"6":1},"b":{"0":[0,337653],"1":[0,337653],"2":[0,337653],"3":[337653,337653],"4":[0,0],"5":[0,1]}}
}
