{"C:\\Users\\pmati\\APP Meu Dinheiro\\meu-dinheiro-pt-digital\\src\\index.ts": {"path":"C:\\Users\\pmati\\APP Meu Dinheiro\\meu-dinheiro-pt-digital\\src\\index.ts","statementMap":{"0":{"start":{"line":1,"column":0},"end":{"line":1,"column":30}},"1":{"start":{"line":2,"column":0},"end":{"line":2,"column":24}},"2":{"start":{"line":3,"column":0},"end":{"line":3,"column":28}},"3":{"start":{"line":4,"column":0},"end":{"line":4,"column":43}},"4":{"start":{"line":5,"column":0},"end":{"line":5,"column":59}},"5":{"start":{"line":6,"column":0},"end":{"line":6,"column":61}},"6":{"start":{"line":7,"column":0},"end":{"line":7,"column":90}},"7":{"start":{"line":8,"column":0},"end":{"line":8,"column":43}},"8":{"start":{"line":9,"column":0},"end":{"line":9,"column":45}},"9":{"start":{"line":10,"column":0},"end":{"line":10,"column":29}},"10":{"start":{"line":11,"column":0},"end":{"line":11,"column":39}},"11":{"start":{"line":12,"column":0},"end":{"line":12,"column":38}},"12":{"start":{"line":19,"column":12},"end":{"line":19,"column":21}},"13":{"start":{"line":20,"column":0},"end":{"line":20,"column":24}},"14":{"start":{"line":23,"column":0},"end":{"line":23,"column":45}},"15":{"start":{"line":24,"column":0},"end":{"line":24,"column":42}},"16":{"start":{"line":27,"column":0},"end":{"line":30,"column":4}},"17":{"start":{"line":32,"column":0},"end":{"line":32,"column":18}},"18":{"start":{"line":34,"column":16},"end":{"line":39,"column":2}},"19":{"start":{"line":40,"column":0},"end":{"line":40,"column":17}},"20":{"start":{"line":43,"column":0},"end":{"line":43,"column":23}},"21":{"start":{"line":44,"column":0},"end":{"line":44,"column":16}},"22":{"start":{"line":45,"column":0},"end":{"line":45,"column":23}},"23":{"start":{"line":48,"column":0},"end":{"line":48,"column":64}},"24":{"start":{"line":51,"column":0},"end":{"line":51,"column":22}},"25":{"start":{"line":54,"column":0},"end":{"line":54,"column":29}},"26":{"start":{"line":57,"column":0},"end":{"line":57,"column":61}},"27":{"start":{"line":57,"column":33},"end":{"line":57,"column":59}},"28":{"start":{"line":60,"column":0},"end":{"line":60,"column":17}},"29":{"start":{"line":63,"column":0},"end":{"line":63,"column":78}},"30":{"start":{"line":63,"column":39},"end":{"line":63,"column":76}},"31":{"start":{"line":64,"column":0},"end":{"line":64,"column":94}},"32":{"start":{"line":64,"column":40},"end":{"line":64,"column":92}},"33":{"start":{"line":65,"column":0},"end":{"line":65,"column":71}},"34":{"start":{"line":65,"column":32},"end":{"line":65,"column":69}},"35":{"start":{"line":66,"column":0},"end":{"line":66,"column":87}},"36":{"start":{"line":66,"column":33},"end":{"line":66,"column":85}},"37":{"start":{"line":67,"column":0},"end":{"line":67,"column":72}},"38":{"start":{"line":67,"column":33},"end":{"line":67,"column":70}},"39":{"start":{"line":68,"column":0},"end":{"line":68,"column":88}},"40":{"start":{"line":68,"column":34},"end":{"line":68,"column":86}},"41":{"start":{"line":69,"column":0},"end":{"line":69,"column":109}},"42":{"start":{"line":69,"column":35},"end":{"line":69,"column":107}},"43":{"start":{"line":70,"column":0},"end":{"line":70,"column":110}},"44":{"start":{"line":70,"column":36},"end":{"line":70,"column":108}},"45":{"start":{"line":73,"column":0},"end":{"line":73,"column":40}},"46":{"start":{"line":74,"column":0},"end":{"line":74,"column":22}},"47":{"start":{"line":76,"column":0},"end":{"line":76,"column":19}}},"fnMap":{"0":{"name":"(anonymous_7)","decl":{"start":{"line":57,"column":19},"end":{"line":57,"column":20}},"loc":{"start":{"line":57,"column":33},"end":{"line":57,"column":59}}},"1":{"name":"(anonymous_8)","decl":{"start":{"line":63,"column":25},"end":{"line":63,"column":26}},"loc":{"start":{"line":63,"column":39},"end":{"line":63,"column":76}}},"2":{"name":"(anonymous_9)","decl":{"start":{"line":64,"column":26},"end":{"line":64,"column":27}},"loc":{"start":{"line":64,"column":40},"end":{"line":64,"column":92}}},"3":{"name":"(anonymous_10)","decl":{"start":{"line":65,"column":18},"end":{"line":65,"column":19}},"loc":{"start":{"line":65,"column":32},"end":{"line":65,"column":69}}},"4":{"name":"(anonymous_11)","decl":{"start":{"line":66,"column":19},"end":{"line":66,"column":20}},"loc":{"start":{"line":66,"column":33},"end":{"line":66,"column":85}}},"5":{"name":"(anonymous_12)","decl":{"start":{"line":67,"column":19},"end":{"line":67,"column":20}},"loc":{"start":{"line":67,"column":33},"end":{"line":67,"column":70}}},"6":{"name":"(anonymous_13)","decl":{"start":{"line":68,"column":20},"end":{"line":68,"column":21}},"loc":{"start":{"line":68,"column":34},"end":{"line":68,"column":86}}},"7":{"name":"(anonymous_14)","decl":{"start":{"line":69,"column":21},"end":{"line":69,"column":22}},"loc":{"start":{"line":69,"column":35},"end":{"line":69,"column":107}}},"8":{"name":"(anonymous_15)","decl":{"start":{"line":70,"column":22},"end":{"line":70,"column":23}},"loc":{"start":{"line":70,"column":36},"end":{"line":70,"column":108}}}},"branchMap":{},"s":{"0":7,"1":7,"2":7,"3":7,"4":7,"5":7,"6":7,"7":7,"8":7,"9":7,"10":7,"11":7,"12":7,"13":7,"14":7,"15":7,"16":7,"17":7,"18":7,"19":7,"20":7,"21":7,"22":7,"23":7,"24":7,"25":7,"26":7,"27":3,"28":7,"29":7,"30":0,"31":7,"32":0,"33":7,"34":0,"35":7,"36":0,"37":7,"38":0,"39":7,"40":0,"41":7,"42":0,"43":7,"44":0,"45":7,"46":7,"47":7},"f":{"0":3,"1":0,"2":0,"3":0,"4":0,"5":0,"6":0,"7":0,"8":0},"b":{}}
,"C:\\Users\\pmati\\APP Meu Dinheiro\\meu-dinheiro-pt-digital\\src\\docs\\swagger.ts": {"path":"C:\\Users\\pmati\\APP Meu Dinheiro\\meu-dinheiro-pt-digital\\src\\docs\\swagger.ts","statementMap":{"0":{"start":{"line":1,"column":0},"end":{"line":1,"column":41}},"1":{"start":{"line":3,"column":26},"end":{"line":23,"column":2}},"2":{"start":{"line":25,"column":16},"end":{"line":28,"column":2}},"3":{"start":{"line":30,"column":13},"end":{"line":30,"column":49}}},"fnMap":{},"branchMap":{},"s":{"0":7,"1":7,"2":7,"3":7},"f":{},"b":{}}
,"C:\\Users\\pmati\\APP Meu Dinheiro\\meu-dinheiro-pt-digital\\src\\features\\auth\\controllers\\AuthController.ts": {"path":"C:\\Users\\pmati\\APP Meu Dinheiro\\meu-dinheiro-pt-digital\\src\\features\\auth\\controllers\\AuthController.ts","statementMap":{"0":{"start":{"line":14,"column":0},"end":{"line":14,"column":22}},"1":{"start":{"line":2,"column":0},"end":{"line":2,"column":53}},"2":{"start":{"line":4,"column":21},"end":{"line":4,"column":55}},"3":{"start":{"line":5,"column":34},"end":{"line":5,"column":81}},"4":{"start":{"line":6,"column":17},"end":{"line":6,"column":70}},"5":{"start":{"line":15,"column":28},"end":{"line":15,"column":36}},"6":{"start":{"line":16,"column":2},"end":{"line":18,"column":3}},"7":{"start":{"line":17,"column":4},"end":{"line":17,"column":103}},"8":{"start":{"line":19,"column":26},"end":{"line":19,"column":79}},"9":{"start":{"line":20,"column":2},"end":{"line":22,"column":3}},"10":{"start":{"line":21,"column":4},"end":{"line":21,"column":110}},"11":{"start":{"line":23,"column":2},"end":{"line":31,"column":5}}},"fnMap":{"0":{"name":"refreshToken","decl":{"start":{"line":14,"column":22},"end":{"line":14,"column":34}},"loc":{"start":{"line":14,"column":62},"end":{"line":32,"column":null}}}},"branchMap":{"0":{"loc":{"start":{"line":16,"column":2},"end":{"line":18,"column":3}},"type":"if","locations":[{"start":{"line":16,"column":2},"end":{"line":18,"column":3}},{"start":{},"end":{}}]},"1":{"loc":{"start":{"line":20,"column":2},"end":{"line":22,"column":3}},"type":"if","locations":[{"start":{"line":20,"column":2},"end":{"line":22,"column":3}},{"start":{},"end":{}}]},"2":{"loc":{"start":{"line":20,"column":6},"end":{"line":20,"column":31}},"type":"binary-expr","locations":[{"start":{"line":20,"column":6},"end":{"line":20,"column":11}},{"start":{"line":20,"column":15},"end":{"line":20,"column":31}}]},"3":{"loc":{"start":{"line":20,"column":16},"end":{"line":20,"column":29}},"type":"cond-expr","locations":[{"start":{"line":20,"column":20},"end":{"line":20,"column":22}},{"start":{"line":20,"column":16},"end":{"line":20,"column":29}}]},"4":{"loc":{"start":{"line":20,"column":16},"end":{"line":20,"column":22}},"type":"binary-expr","locations":[{"start":{"line":20,"column":16},"end":{"line":20,"column":22}},{"start":{"line":20,"column":16},"end":{"line":20,"column":22}}]}},"s":{"0":7,"1":7,"2":7,"3":7,"4":7,"5":2,"6":2,"7":0,"8":2,"9":2,"10":2,"11":0},"f":{"0":2},"b":{"0":[0,2],"1":[2,0],"2":[2,0],"3":[0,0],"4":[0,0]}}
,"C:\\Users\\pmati\\APP Meu Dinheiro\\meu-dinheiro-pt-digital\\src\\features\\auth\\middleware\\jwtAuth.ts": {"path":"C:\\Users\\pmati\\APP Meu Dinheiro\\meu-dinheiro-pt-digital\\src\\features\\auth\\middleware\\jwtAuth.ts","statementMap":{"0":{"start":{"line":10,"column":0},"end":{"line":10,"column":22}},"1":{"start":{"line":2,"column":0},"end":{"line":2,"column":53}},"2":{"start":{"line":4,"column":21},"end":{"line":4,"column":55}},"3":{"start":{"line":5,"column":26},"end":{"line":5,"column":65}},"4":{"start":{"line":8,"column":17},"end":{"line":8,"column":62}},"5":{"start":{"line":11,"column":21},"end":{"line":11,"column":49}},"6":{"start":{"line":13,"column":2},"end":{"line":15,"column":3}},"7":{"start":{"line":14,"column":4},"end":{"line":14,"column":95}},"8":{"start":{"line":17,"column":16},"end":{"line":17,"column":40}},"9":{"start":{"line":20,"column":26},"end":{"line":20,"column":60}},"10":{"start":{"line":22,"column":2},"end":{"line":24,"column":3}},"11":{"start":{"line":23,"column":4},"end":{"line":23,"column":102}},"12":{"start":{"line":26,"column":3},"end":{"line":26,"column":32}},"13":{"start":{"line":27,"column":2},"end":{"line":27,"column":9}}},"fnMap":{"0":{"name":"jwtAuth","decl":{"start":{"line":10,"column":22},"end":{"line":10,"column":29}},"loc":{"start":{"line":10,"column":77},"end":{"line":28,"column":null}}}},"branchMap":{"0":{"loc":{"start":{"line":13,"column":2},"end":{"line":15,"column":3}},"type":"if","locations":[{"start":{"line":13,"column":2},"end":{"line":15,"column":3}},{"start":{},"end":{}}]},"1":{"loc":{"start":{"line":13,"column":6},"end":{"line":13,"column":54}},"type":"binary-expr","locations":[{"start":{"line":13,"column":6},"end":{"line":13,"column":17}},{"start":{"line":13,"column":21},"end":{"line":13,"column":54}}]},"2":{"loc":{"start":{"line":22,"column":2},"end":{"line":24,"column":3}},"type":"if","locations":[{"start":{"line":22,"column":2},"end":{"line":24,"column":3}},{"start":{},"end":{}}]},"3":{"loc":{"start":{"line":22,"column":6},"end":{"line":22,"column":28}},"type":"binary-expr","locations":[{"start":{"line":22,"column":6},"end":{"line":22,"column":11}},{"start":{"line":22,"column":15},"end":{"line":22,"column":28}}]},"4":{"loc":{"start":{"line":22,"column":16},"end":{"line":22,"column":26}},"type":"cond-expr","locations":[{"start":{"line":22,"column":20},"end":{"line":22,"column":22}},{"start":{"line":22,"column":16},"end":{"line":22,"column":26}}]},"5":{"loc":{"start":{"line":22,"column":16},"end":{"line":22,"column":22}},"type":"binary-expr","locations":[{"start":{"line":22,"column":16},"end":{"line":22,"column":22}},{"start":{"line":22,"column":16},"end":{"line":22,"column":22}}]}},"s":{"0":7,"1":7,"2":7,"3":7,"4":7,"5":32,"6":32,"7":6,"8":26,"9":26,"10":26,"11":26,"12":0,"13":0},"f":{"0":32},"b":{"0":[6,26],"1":[32,26],"2":[26,0],"3":[26,0],"4":[0,0],"5":[0,0]}}
,"C:\\Users\\pmati\\APP Meu Dinheiro\\meu-dinheiro-pt-digital\\src\\features\\auth\\models\\authSchema.ts": {"path":"C:\\Users\\pmati\\APP Meu Dinheiro\\meu-dinheiro-pt-digital\\src\\features\\auth\\models\\authSchema.ts","statementMap":{"0":{"start":{"line":1,"column":0},"end":{"line":1,"column":24}},"1":{"start":{"line":3,"column":13},"end":{"line":7,"column":3}},"2":{"start":{"line":9,"column":13},"end":{"line":12,"column":3}}},"fnMap":{},"branchMap":{},"s":{"0":8,"1":8,"2":8},"f":{},"b":{}}
,"C:\\Users\\pmati\\APP Meu Dinheiro\\meu-dinheiro-pt-digital\\src\\features\\auth\\routes\\authRoutes.ts": {"path":"C:\\Users\\pmati\\APP Meu Dinheiro\\meu-dinheiro-pt-digital\\src\\features\\auth\\routes\\authRoutes.ts","statementMap":{"0":{"start":{"line":1,"column":0},"end":{"line":1,"column":33}},"1":{"start":{"line":2,"column":0},"end":{"line":2,"column":76}},"2":{"start":{"line":3,"column":0},"end":{"line":3,"column":61}},"3":{"start":{"line":5,"column":15},"end":{"line":5,"column":23}},"4":{"start":{"line":63,"column":0},"end":{"line":67,"column":3}},"5":{"start":{"line":63,"column":42},"end":{"line":67,"column":2}},"6":{"start":{"line":64,"column":26},"end":{"line":64,"column":48}},"7":{"start":{"line":65,"column":2},"end":{"line":65,"column":80}},"8":{"start":{"line":65,"column":13},"end":{"line":65,"column":80}},"9":{"start":{"line":66,"column":2},"end":{"line":66,"column":49}},"10":{"start":{"line":122,"column":0},"end":{"line":126,"column":3}},"11":{"start":{"line":122,"column":41},"end":{"line":126,"column":2}},"12":{"start":{"line":123,"column":26},"end":{"line":123,"column":47}},"13":{"start":{"line":124,"column":2},"end":{"line":124,"column":80}},"14":{"start":{"line":124,"column":13},"end":{"line":124,"column":80}},"15":{"start":{"line":125,"column":2},"end":{"line":125,"column":49}},"16":{"start":{"line":128,"column":0},"end":{"line":132,"column":3}},"17":{"start":{"line":128,"column":42},"end":{"line":132,"column":2}},"18":{"start":{"line":129,"column":20},"end":{"line":129,"column":34}},"19":{"start":{"line":130,"column":2},"end":{"line":130,"column":68}},"20":{"start":{"line":130,"column":13},"end":{"line":130,"column":68}},"21":{"start":{"line":131,"column":2},"end":{"line":131,"column":30}},"22":{"start":{"line":134,"column":0},"end":{"line":138,"column":3}},"23":{"start":{"line":134,"column":42},"end":{"line":138,"column":2}},"24":{"start":{"line":135,"column":26},"end":{"line":135,"column":44}},"25":{"start":{"line":136,"column":2},"end":{"line":136,"column":68}},"26":{"start":{"line":136,"column":13},"end":{"line":136,"column":68}},"27":{"start":{"line":137,"column":2},"end":{"line":137,"column":36}},"28":{"start":{"line":140,"column":0},"end":{"line":140,"column":38}},"29":{"start":{"line":142,"column":0},"end":{"line":142,"column":22}}},"fnMap":{"0":{"name":"(anonymous_7)","decl":{"start":{"line":63,"column":23},"end":{"line":63,"column":30}},"loc":{"start":{"line":63,"column":42},"end":{"line":67,"column":2}}},"1":{"name":"(anonymous_8)","decl":{"start":{"line":63,"column":42},"end":{"line":63,"column":null}},"loc":{"start":{"line":63,"column":42},"end":{"line":67,"column":1}}},"2":{"name":"(anonymous_9)","decl":{"start":{"line":122,"column":22},"end":{"line":122,"column":29}},"loc":{"start":{"line":122,"column":41},"end":{"line":126,"column":2}}},"3":{"name":"(anonymous_10)","decl":{"start":{"line":122,"column":41},"end":{"line":122,"column":null}},"loc":{"start":{"line":122,"column":41},"end":{"line":126,"column":1}}},"4":{"name":"(anonymous_11)","decl":{"start":{"line":128,"column":23},"end":{"line":128,"column":30}},"loc":{"start":{"line":128,"column":42},"end":{"line":132,"column":2}}},"5":{"name":"(anonymous_12)","decl":{"start":{"line":128,"column":42},"end":{"line":128,"column":null}},"loc":{"start":{"line":128,"column":42},"end":{"line":132,"column":1}}},"6":{"name":"(anonymous_13)","decl":{"start":{"line":134,"column":23},"end":{"line":134,"column":30}},"loc":{"start":{"line":134,"column":42},"end":{"line":138,"column":2}}},"7":{"name":"(anonymous_14)","decl":{"start":{"line":134,"column":42},"end":{"line":134,"column":null}},"loc":{"start":{"line":134,"column":42},"end":{"line":138,"column":1}}}},"branchMap":{"0":{"loc":{"start":{"line":65,"column":2},"end":{"line":65,"column":80}},"type":"if","locations":[{"start":{"line":65,"column":2},"end":{"line":65,"column":80}},{"start":{},"end":{}}]},"1":{"loc":{"start":{"line":124,"column":2},"end":{"line":124,"column":80}},"type":"if","locations":[{"start":{"line":124,"column":2},"end":{"line":124,"column":80}},{"start":{},"end":{}}]},"2":{"loc":{"start":{"line":130,"column":2},"end":{"line":130,"column":68}},"type":"if","locations":[{"start":{"line":130,"column":2},"end":{"line":130,"column":68}},{"start":{},"end":{}}]},"3":{"loc":{"start":{"line":136,"column":2},"end":{"line":136,"column":68}},"type":"if","locations":[{"start":{"line":136,"column":2},"end":{"line":136,"column":68}},{"start":{},"end":{}}]}},"s":{"0":7,"1":7,"2":7,"3":7,"4":7,"5":8,"6":8,"7":8,"8":1,"9":7,"10":7,"11":7,"12":7,"13":7,"14":1,"15":6,"16":7,"17":1,"18":1,"19":1,"20":0,"21":1,"22":7,"23":0,"24":0,"25":0,"26":0,"27":0,"28":7,"29":7},"f":{"0":8,"1":8,"2":7,"3":7,"4":1,"5":1,"6":0,"7":0},"b":{"0":[1,7],"1":[1,6],"2":[0,1],"3":[0,0]}}
,"C:\\Users\\pmati\\APP Meu Dinheiro\\meu-dinheiro-pt-digital\\src\\features\\auth\\services\\authService.ts": {"path":"C:\\Users\\pmati\\APP Meu Dinheiro\\meu-dinheiro-pt-digital\\src\\features\\auth\\services\\authService.ts","statementMap":{"0":{"start":{"line":1,"column":0},"end":{"line":1,"column":58}},"1":{"start":{"line":2,"column":0},"end":{"line":2,"column":65}},"2":{"start":{"line":4,"column":22},"end":{"line":43,"column":2}},"3":{"start":{"line":4,"column":45},"end":{"line":43,"column":2}},"4":{"start":{"line":5,"column":16},"end":{"line":5,"column":47}},"5":{"start":{"line":6,"column":2},"end":{"line":8,"column":3}},"6":{"start":{"line":7,"column":4},"end":{"line":7,"column":94}},"7":{"start":{"line":9,"column":30},"end":{"line":9,"column":40}},"8":{"start":{"line":10,"column":26},"end":{"line":10,"column":73}},"9":{"start":{"line":13,"column":2},"end":{"line":15,"column":3}},"10":{"start":{"line":14,"column":4},"end":{"line":14,"column":33}},"11":{"start":{"line":18,"column":2},"end":{"line":20,"column":3}},"12":{"start":{"line":19,"column":4},"end":{"line":19,"column":77}},"13":{"start":{"line":23,"column":2},"end":{"line":33,"column":3}},"14":{"start":{"line":24,"column":4},"end":{"line":32,"column":6}},"15":{"start":{"line":36,"column":2},"end":{"line":42,"column":4}},"16":{"start":{"line":4,"column":13},"end":{"line":4,"column":22}},"17":{"start":{"line":45,"column":21},"end":{"line":64,"column":2}},"18":{"start":{"line":45,"column":44},"end":{"line":64,"column":2}},"19":{"start":{"line":46,"column":16},"end":{"line":46,"column":46}},"20":{"start":{"line":47,"column":2},"end":{"line":49,"column":3}},"21":{"start":{"line":48,"column":4},"end":{"line":48,"column":94}},"22":{"start":{"line":50,"column":30},"end":{"line":50,"column":40}},"23":{"start":{"line":51,"column":26},"end":{"line":51,"column":85}},"24":{"start":{"line":52,"column":2},"end":{"line":54,"column":3}},"25":{"start":{"line":53,"column":4},"end":{"line":53,"column":80}},"26":{"start":{"line":55,"column":2},"end":{"line":63,"column":4}},"27":{"start":{"line":45,"column":13},"end":{"line":45,"column":21}},"28":{"start":{"line":66,"column":22},"end":{"line":68,"column":2}},"29":{"start":{"line":66,"column":33},"end":{"line":68,"column":2}},"30":{"start":{"line":67,"column":2},"end":{"line":67,"column":39}},"31":{"start":{"line":66,"column":13},"end":{"line":66,"column":22}},"32":{"start":{"line":70,"column":26},"end":{"line":72,"column":2}},"33":{"start":{"line":70,"column":37},"end":{"line":72,"column":2}},"34":{"start":{"line":71,"column":2},"end":{"line":71,"column":42}},"35":{"start":{"line":70,"column":13},"end":{"line":70,"column":26}},"36":{"start":{"line":74,"column":30},"end":{"line":76,"column":2}},"37":{"start":{"line":74,"column":61},"end":{"line":76,"column":2}},"38":{"start":{"line":75,"column":2},"end":{"line":75,"column":77}},"39":{"start":{"line":74,"column":13},"end":{"line":74,"column":30}}},"fnMap":{"0":{"name":"(anonymous_7)","decl":{"start":{"line":4,"column":22},"end":{"line":4,"column":29}},"loc":{"start":{"line":4,"column":45},"end":{"line":43,"column":2}}},"1":{"name":"(anonymous_8)","decl":{"start":{"line":4,"column":45},"end":{"line":4,"column":null}},"loc":{"start":{"line":4,"column":45},"end":{"line":43,"column":1}}},"2":{"name":"(anonymous_9)","decl":{"start":{"line":45,"column":21},"end":{"line":45,"column":28}},"loc":{"start":{"line":45,"column":44},"end":{"line":64,"column":2}}},"3":{"name":"(anonymous_10)","decl":{"start":{"line":45,"column":44},"end":{"line":45,"column":null}},"loc":{"start":{"line":45,"column":44},"end":{"line":64,"column":1}}},"4":{"name":"(anonymous_11)","decl":{"start":{"line":66,"column":22},"end":{"line":66,"column":31}},"loc":{"start":{"line":66,"column":33},"end":{"line":68,"column":2}}},"5":{"name":"(anonymous_12)","decl":{"start":{"line":66,"column":33},"end":{"line":66,"column":null}},"loc":{"start":{"line":66,"column":33},"end":{"line":68,"column":1}}},"6":{"name":"(anonymous_13)","decl":{"start":{"line":70,"column":26},"end":{"line":70,"column":35}},"loc":{"start":{"line":70,"column":37},"end":{"line":72,"column":2}}},"7":{"name":"(anonymous_14)","decl":{"start":{"line":70,"column":37},"end":{"line":70,"column":null}},"loc":{"start":{"line":70,"column":37},"end":{"line":72,"column":1}}},"8":{"name":"(anonymous_15)","decl":{"start":{"line":74,"column":30},"end":{"line":74,"column":37}},"loc":{"start":{"line":74,"column":61},"end":{"line":76,"column":2}}},"9":{"name":"(anonymous_16)","decl":{"start":{"line":74,"column":61},"end":{"line":74,"column":null}},"loc":{"start":{"line":74,"column":61},"end":{"line":76,"column":1}}}},"branchMap":{"0":{"loc":{"start":{"line":6,"column":2},"end":{"line":8,"column":3}},"type":"if","locations":[{"start":{"line":6,"column":2},"end":{"line":8,"column":3}},{"start":{},"end":{}}]},"1":{"loc":{"start":{"line":13,"column":2},"end":{"line":15,"column":3}},"type":"if","locations":[{"start":{"line":13,"column":2},"end":{"line":15,"column":3}},{"start":{},"end":{}}]},"2":{"loc":{"start":{"line":18,"column":2},"end":{"line":20,"column":3}},"type":"if","locations":[{"start":{"line":18,"column":2},"end":{"line":20,"column":3}},{"start":{},"end":{}}]},"3":{"loc":{"start":{"line":18,"column":7},"end":{"line":18,"column":17}},"type":"cond-expr","locations":[{"start":{"line":18,"column":11},"end":{"line":18,"column":13}},{"start":{"line":18,"column":7},"end":{"line":18,"column":17}}]},"4":{"loc":{"start":{"line":18,"column":7},"end":{"line":18,"column":13}},"type":"binary-expr","locations":[{"start":{"line":18,"column":7},"end":{"line":18,"column":13}},{"start":{"line":18,"column":7},"end":{"line":18,"column":13}}]},"5":{"loc":{"start":{"line":23,"column":2},"end":{"line":33,"column":3}},"type":"if","locations":[{"start":{"line":23,"column":2},"end":{"line":33,"column":3}},{"start":{},"end":{}}]},"6":{"loc":{"start":{"line":47,"column":2},"end":{"line":49,"column":3}},"type":"if","locations":[{"start":{"line":47,"column":2},"end":{"line":49,"column":3}},{"start":{},"end":{}}]},"7":{"loc":{"start":{"line":52,"column":2},"end":{"line":54,"column":3}},"type":"if","locations":[{"start":{"line":52,"column":2},"end":{"line":54,"column":3}},{"start":{},"end":{}}]},"8":{"loc":{"start":{"line":52,"column":6},"end":{"line":52,"column":31}},"type":"binary-expr","locations":[{"start":{"line":52,"column":6},"end":{"line":52,"column":11}},{"start":{"line":52,"column":15},"end":{"line":52,"column":31}}]},"9":{"loc":{"start":{"line":52,"column":16},"end":{"line":52,"column":29}},"type":"cond-expr","locations":[{"start":{"line":52,"column":20},"end":{"line":52,"column":22}},{"start":{"line":52,"column":16},"end":{"line":52,"column":29}}]},"10":{"loc":{"start":{"line":52,"column":16},"end":{"line":52,"column":22}},"type":"binary-expr","locations":[{"start":{"line":52,"column":16},"end":{"line":52,"column":22}},{"start":{"line":52,"column":16},"end":{"line":52,"column":22}}]},"11":{"loc":{"start":{"line":53,"column":32},"end":{"line":53,"column":77}},"type":"binary-expr","locations":[{"start":{"line":53,"column":32},"end":{"line":53,"column":37}},{"start":{"line":53,"column":41},"end":{"line":53,"column":77}}]}},"s":{"0":8,"1":8,"2":8,"3":10,"4":10,"5":10,"6":2,"7":8,"8":8,"9":8,"10":0,"11":8,"12":0,"13":8,"14":7,"15":1,"16":8,"17":8,"18":9,"19":9,"20":9,"21":1,"22":8,"23":8,"24":8,"25":1,"26":7,"27":8,"28":8,"29":1,"30":1,"31":8,"32":8,"33":0,"34":0,"35":8,"36":8,"37":0,"38":0,"39":8},"f":{"0":10,"1":10,"2":9,"3":9,"4":1,"5":1,"6":0,"7":0,"8":0,"9":0},"b":{"0":[2,8],"1":[0,8],"2":[0,8],"3":[0,8],"4":[8,8],"5":[7,1],"6":[1,8],"7":[1,7],"8":[8,7],"9":[0,7],"10":[7,7],"11":[1,0]}}
,"C:\\Users\\pmati\\APP Meu Dinheiro\\meu-dinheiro-pt-digital\\src\\features\\family\\models\\familySchema.ts": {"path":"C:\\Users\\pmati\\APP Meu Dinheiro\\meu-dinheiro-pt-digital\\src\\features\\family\\models\\familySchema.ts","statementMap":{"0":{"start":{"line":1,"column":0},"end":{"line":1,"column":24}},"1":{"start":{"line":3,"column":13},"end":{"line":7,"column":3}}},"fnMap":{},"branchMap":{},"s":{"0":1,"1":1},"f":{},"b":{}}
,"C:\\Users\\pmati\\APP Meu Dinheiro\\meu-dinheiro-pt-digital\\src\\features\\family\\services\\familyService.ts": {"path":"C:\\Users\\pmati\\APP Meu Dinheiro\\meu-dinheiro-pt-digital\\src\\features\\family\\services\\familyService.ts","statementMap":{"0":{"start":{"line":1,"column":0},"end":{"line":1,"column":58}},"1":{"start":{"line":2,"column":0},"end":{"line":2,"column":54}},"2":{"start":{"line":4,"column":29},"end":{"line":6,"column":2}},"3":{"start":{"line":4,"column":54},"end":{"line":6,"column":2}},"4":{"start":{"line":5,"column":2},"end":{"line":5,"column":108}},"5":{"start":{"line":4,"column":13},"end":{"line":4,"column":29}},"6":{"start":{"line":8,"column":28},"end":{"line":14,"column":2}},"7":{"start":{"line":8,"column":51},"end":{"line":14,"column":2}},"8":{"start":{"line":9,"column":16},"end":{"line":9,"column":47}},"9":{"start":{"line":10,"column":2},"end":{"line":12,"column":3}},"10":{"start":{"line":11,"column":4},"end":{"line":11,"column":94}},"11":{"start":{"line":13,"column":2},"end":{"line":13,"column":78}},"12":{"start":{"line":8,"column":13},"end":{"line":8,"column":28}},"13":{"start":{"line":16,"column":28},"end":{"line":18,"column":2}},"14":{"start":{"line":16,"column":69},"end":{"line":18,"column":2}},"15":{"start":{"line":17,"column":2},"end":{"line":17,"column":85}},"16":{"start":{"line":16,"column":13},"end":{"line":16,"column":28}},"17":{"start":{"line":20,"column":35},"end":{"line":24,"column":2}},"18":{"start":{"line":20,"column":78},"end":{"line":24,"column":2}},"19":{"start":{"line":23,"column":2},"end":{"line":23,"column":45}},"20":{"start":{"line":20,"column":13},"end":{"line":20,"column":35}},"21":{"start":{"line":26,"column":28},"end":{"line":28,"column":2}},"22":{"start":{"line":26,"column":71},"end":{"line":28,"column":2}},"23":{"start":{"line":27,"column":2},"end":{"line":27,"column":104}},"24":{"start":{"line":26,"column":13},"end":{"line":26,"column":28}},"25":{"start":{"line":30,"column":33},"end":{"line":36,"column":2}},"26":{"start":{"line":30,"column":80},"end":{"line":36,"column":2}},"27":{"start":{"line":32,"column":2},"end":{"line":32,"column":118}},"28":{"start":{"line":35,"column":2},"end":{"line":35,"column":27}},"29":{"start":{"line":30,"column":13},"end":{"line":30,"column":33}}},"fnMap":{"0":{"name":"(anonymous_7)","decl":{"start":{"line":4,"column":29},"end":{"line":4,"column":36}},"loc":{"start":{"line":4,"column":54},"end":{"line":6,"column":2}}},"1":{"name":"(anonymous_8)","decl":{"start":{"line":4,"column":54},"end":{"line":4,"column":null}},"loc":{"start":{"line":4,"column":54},"end":{"line":6,"column":1}}},"2":{"name":"(anonymous_9)","decl":{"start":{"line":8,"column":28},"end":{"line":8,"column":35}},"loc":{"start":{"line":8,"column":51},"end":{"line":14,"column":2}}},"3":{"name":"(anonymous_10)","decl":{"start":{"line":8,"column":51},"end":{"line":8,"column":null}},"loc":{"start":{"line":8,"column":51},"end":{"line":14,"column":1}}},"4":{"name":"(anonymous_11)","decl":{"start":{"line":16,"column":28},"end":{"line":16,"column":35}},"loc":{"start":{"line":16,"column":69},"end":{"line":18,"column":2}}},"5":{"name":"(anonymous_12)","decl":{"start":{"line":16,"column":69},"end":{"line":16,"column":null}},"loc":{"start":{"line":16,"column":69},"end":{"line":18,"column":1}}},"6":{"name":"(anonymous_13)","decl":{"start":{"line":20,"column":35},"end":{"line":20,"column":42}},"loc":{"start":{"line":20,"column":78},"end":{"line":24,"column":2}}},"7":{"name":"(anonymous_14)","decl":{"start":{"line":20,"column":78},"end":{"line":20,"column":null}},"loc":{"start":{"line":20,"column":78},"end":{"line":24,"column":1}}},"8":{"name":"(anonymous_15)","decl":{"start":{"line":26,"column":28},"end":{"line":26,"column":35}},"loc":{"start":{"line":26,"column":71},"end":{"line":28,"column":2}}},"9":{"name":"(anonymous_16)","decl":{"start":{"line":26,"column":71},"end":{"line":26,"column":null}},"loc":{"start":{"line":26,"column":71},"end":{"line":28,"column":1}}},"10":{"name":"(anonymous_17)","decl":{"start":{"line":30,"column":33},"end":{"line":30,"column":40}},"loc":{"start":{"line":30,"column":80},"end":{"line":36,"column":2}}},"11":{"name":"(anonymous_18)","decl":{"start":{"line":30,"column":80},"end":{"line":30,"column":null}},"loc":{"start":{"line":30,"column":80},"end":{"line":36,"column":1}}}},"branchMap":{"0":{"loc":{"start":{"line":10,"column":2},"end":{"line":12,"column":3}},"type":"if","locations":[{"start":{"line":10,"column":2},"end":{"line":12,"column":3}},{"start":{},"end":{}}]}},"s":{"0":1,"1":1,"2":1,"3":0,"4":0,"5":1,"6":1,"7":2,"8":2,"9":2,"10":1,"11":1,"12":1,"13":1,"14":0,"15":0,"16":1,"17":1,"18":0,"19":0,"20":1,"21":1,"22":0,"23":0,"24":1,"25":1,"26":0,"27":0,"28":0,"29":1},"f":{"0":0,"1":0,"2":2,"3":2,"4":0,"5":0,"6":0,"7":0,"8":0,"9":0,"10":0,"11":0},"b":{"0":[1,1]}}
,"C:\\Users\\pmati\\APP Meu Dinheiro\\meu-dinheiro-pt-digital\\src\\features\\goals\\services\\goalService.ts": {"path":"C:\\Users\\pmati\\APP Meu Dinheiro\\meu-dinheiro-pt-digital\\src\\features\\goals\\services\\goalService.ts","statementMap":{"0":{"start":{"line":1,"column":0},"end":{"line":1,"column":58}},"1":{"start":{"line":4,"column":26},"end":{"line":12,"column":2}},"2":{"start":{"line":4,"column":49},"end":{"line":12,"column":2}},"3":{"start":{"line":6,"column":19},"end":{"line":6,"column":53}},"4":{"start":{"line":7,"column":2},"end":{"line":7,"column":66}},"5":{"start":{"line":7,"column":22},"end":{"line":7,"column":66}},"6":{"start":{"line":8,"column":2},"end":{"line":8,"column":72}},"7":{"start":{"line":8,"column":24},"end":{"line":8,"column":72}},"8":{"start":{"line":9,"column":2},"end":{"line":9,"column":106}},"9":{"start":{"line":9,"column":56},"end":{"line":9,"column":106}},"10":{"start":{"line":10,"column":2},"end":{"line":10,"column":65}},"11":{"start":{"line":10,"column":22},"end":{"line":10,"column":65}},"12":{"start":{"line":11,"column":2},"end":{"line":11,"column":21}},"13":{"start":{"line":4,"column":13},"end":{"line":4,"column":26}},"14":{"start":{"line":14,"column":26},"end":{"line":20,"column":2}},"15":{"start":{"line":14,"column":49},"end":{"line":20,"column":2}},"16":{"start":{"line":16,"column":2},"end":{"line":18,"column":3}},"17":{"start":{"line":17,"column":4},"end":{"line":17,"column":151}},"18":{"start":{"line":19,"column":2},"end":{"line":19,"column":72}},"19":{"start":{"line":14,"column":13},"end":{"line":14,"column":26}},"20":{"start":{"line":22,"column":34},"end":{"line":25,"column":2}},"21":{"start":{"line":22,"column":79},"end":{"line":25,"column":2}},"22":{"start":{"line":24,"column":2},"end":{"line":24,"column":109}},"23":{"start":{"line":22,"column":13},"end":{"line":22,"column":34}},"24":{"start":{"line":27,"column":26},"end":{"line":29,"column":2}},"25":{"start":{"line":27,"column":51},"end":{"line":29,"column":2}},"26":{"start":{"line":28,"column":2},"end":{"line":28,"column":73}},"27":{"start":{"line":27,"column":13},"end":{"line":27,"column":26}}},"fnMap":{"0":{"name":"(anonymous_7)","decl":{"start":{"line":4,"column":26},"end":{"line":4,"column":33}},"loc":{"start":{"line":4,"column":49},"end":{"line":12,"column":2}}},"1":{"name":"(anonymous_8)","decl":{"start":{"line":4,"column":49},"end":{"line":4,"column":null}},"loc":{"start":{"line":4,"column":49},"end":{"line":12,"column":1}}},"2":{"name":"(anonymous_9)","decl":{"start":{"line":14,"column":26},"end":{"line":14,"column":33}},"loc":{"start":{"line":14,"column":49},"end":{"line":20,"column":2}}},"3":{"name":"(anonymous_10)","decl":{"start":{"line":14,"column":49},"end":{"line":14,"column":null}},"loc":{"start":{"line":14,"column":49},"end":{"line":20,"column":1}}},"4":{"name":"(anonymous_11)","decl":{"start":{"line":22,"column":34},"end":{"line":22,"column":41}},"loc":{"start":{"line":22,"column":79},"end":{"line":25,"column":2}}},"5":{"name":"(anonymous_12)","decl":{"start":{"line":22,"column":79},"end":{"line":22,"column":null}},"loc":{"start":{"line":22,"column":79},"end":{"line":25,"column":1}}},"6":{"name":"(anonymous_13)","decl":{"start":{"line":27,"column":26},"end":{"line":27,"column":33}},"loc":{"start":{"line":27,"column":51},"end":{"line":29,"column":2}}},"7":{"name":"(anonymous_14)","decl":{"start":{"line":27,"column":51},"end":{"line":27,"column":null}},"loc":{"start":{"line":27,"column":51},"end":{"line":29,"column":1}}}},"branchMap":{"0":{"loc":{"start":{"line":7,"column":2},"end":{"line":7,"column":66}},"type":"if","locations":[{"start":{"line":7,"column":2},"end":{"line":7,"column":66}},{"start":{},"end":{}}]},"1":{"loc":{"start":{"line":8,"column":2},"end":{"line":8,"column":72}},"type":"if","locations":[{"start":{"line":8,"column":2},"end":{"line":8,"column":72}},{"start":{},"end":{}}]},"2":{"loc":{"start":{"line":9,"column":2},"end":{"line":9,"column":106}},"type":"if","locations":[{"start":{"line":9,"column":2},"end":{"line":9,"column":106}},{"start":{},"end":{}}]},"3":{"loc":{"start":{"line":9,"column":6},"end":{"line":9,"column":54}},"type":"binary-expr","locations":[{"start":{"line":9,"column":6},"end":{"line":9,"column":23}},{"start":{"line":9,"column":27},"end":{"line":9,"column":54}}]},"4":{"loc":{"start":{"line":10,"column":2},"end":{"line":10,"column":65}},"type":"if","locations":[{"start":{"line":10,"column":2},"end":{"line":10,"column":65}},{"start":{},"end":{}}]},"5":{"loc":{"start":{"line":16,"column":2},"end":{"line":18,"column":3}},"type":"if","locations":[{"start":{"line":16,"column":2},"end":{"line":18,"column":3}},{"start":{},"end":{}}]},"6":{"loc":{"start":{"line":16,"column":6},"end":{"line":16,"column":90}},"type":"binary-expr","locations":[{"start":{"line":16,"column":6},"end":{"line":16,"column":14}},{"start":{"line":16,"column":18},"end":{"line":16,"column":60}},{"start":{"line":16,"column":64},"end":{"line":16,"column":90}}]}},"s":{"0":1,"1":1,"2":0,"3":0,"4":0,"5":0,"6":0,"7":0,"8":0,"9":0,"10":0,"11":0,"12":0,"13":1,"14":1,"15":2,"16":2,"17":1,"18":1,"19":1,"20":1,"21":0,"22":0,"23":1,"24":1,"25":0,"26":0,"27":1},"f":{"0":0,"1":0,"2":2,"3":2,"4":0,"5":0,"6":0,"7":0},"b":{"0":[0,0],"1":[0,0],"2":[0,0],"3":[0,0],"4":[0,0],"5":[1,1],"6":[2,2,2]}}
,"C:\\Users\\pmati\\APP Meu Dinheiro\\meu-dinheiro-pt-digital\\src\\integrations\\supabase\\client.ts": {"path":"C:\\Users\\pmati\\APP Meu Dinheiro\\meu-dinheiro-pt-digital\\src\\integrations\\supabase\\client.ts","statementMap":{"0":{"start":{"line":2,"column":0},"end":{"line":2,"column":53}},"1":{"start":{"line":5,"column":21},"end":{"line":5,"column":63}},"2":{"start":{"line":6,"column":33},"end":{"line":6,"column":243}},"3":{"start":{"line":13,"column":10},"end":{"line":13,"column":45}},"4":{"start":{"line":14,"column":25},"end":{"line":14,"column":56}},"5":{"start":{"line":15,"column":40},"end":{"line":15,"column":64}},"6":{"start":{"line":16,"column":28},"end":{"line":16,"column":51}},"7":{"start":{"line":19,"column":15},"end":{"line":19,"column":79}},"8":{"start":{"line":20,"column":16},"end":{"line":20,"column":59}},"9":{"start":{"line":22,"column":13},"end":{"line":28,"column":3}}},"fnMap":{"0":{"name":"(anonymous_0)","decl":{"start":{"line":12,"column":0},"end":{"line":12,"column":6}},"loc":{"start":{"line":12,"column":0},"end":{"line":17,"column":1}}},"1":{"name":"(anonymous_1)","decl":{"start":{"line":14,"column":2},"end":{"line":14,"column":9}},"loc":{"start":{"line":14,"column":21},"end":{"line":14,"column":58}}},"2":{"name":"(anonymous_2)","decl":{"start":{"line":15,"column":2},"end":{"line":15,"column":9}},"loc":{"start":{"line":15,"column":36},"end":{"line":15,"column":66}}},"3":{"name":"(anonymous_3)","decl":{"start":{"line":16,"column":2},"end":{"line":16,"column":12}},"loc":{"start":{"line":16,"column":24},"end":{"line":16,"column":53}}}},"branchMap":{"0":{"loc":{"start":{"line":14,"column":32},"end":{"line":14,"column":55}},"type":"cond-expr","locations":[{"start":{"line":14,"column":47},"end":{"line":14,"column":51}},{"start":{"line":14,"column":51},"end":{"line":14,"column":55}}]},"1":{"loc":{"start":{"line":14,"column":32},"end":{"line":14,"column":51}},"type":"binary-expr","locations":[{"start":{"line":14,"column":32},"end":{"line":14,"column":51}},{"start":{"line":14,"column":47},"end":{"line":14,"column":51}}]},"2":{"loc":{"start":{"line":19,"column":15},"end":{"line":19,"column":79}},"type":"binary-expr","locations":[{"start":{"line":19,"column":15},"end":{"line":19,"column":44}},{"start":{"line":19,"column":48},"end":{"line":19,"column":79}}]},"3":{"loc":{"start":{"line":20,"column":16},"end":{"line":20,"column":59}},"type":"cond-expr","locations":[{"start":{"line":20,"column":25},"end":{"line":20,"column":44}},{"start":{"line":20,"column":47},"end":{"line":20,"column":59}}]}},"s":{"0":8,"1":8,"2":8,"3":8,"4":19,"5":15,"6":4,"7":8,"8":8,"9":8},"f":{"0":8,"1":19,"2":15,"3":4},"b":{"0":[1,18],"1":[19,19],"2":[8,0],"3":[8,0]}}
,"C:\\Users\\pmati\\APP Meu Dinheiro\\meu-dinheiro-pt-digital\\src\\middleware\\globalMiddleware.ts": {"path":"C:\\Users\\pmati\\APP Meu Dinheiro\\meu-dinheiro-pt-digital\\src\\middleware\\globalMiddleware.ts","statementMap":{"0":{"start":{"line":4,"column":0},"end":{"line":4,"column":16}},"1":{"start":{"line":14,"column":0},"end":{"line":14,"column":16}},"2":{"start":{"line":27,"column":0},"end":{"line":27,"column":16}},"3":{"start":{"line":5,"column":16},"end":{"line":5,"column":26}},"4":{"start":{"line":6,"column":2},"end":{"line":9,"column":5}},"5":{"start":{"line":7,"column":21},"end":{"line":7,"column":39}},"6":{"start":{"line":8,"column":4},"end":{"line":8,"column":116}},"7":{"start":{"line":10,"column":2},"end":{"line":10,"column":9}},"8":{"start":{"line":15,"column":2},"end":{"line":15,"column":37}},"9":{"start":{"line":16,"column":17},"end":{"line":16,"column":34}},"10":{"start":{"line":17,"column":2},"end":{"line":23,"column":5}},"11":{"start":{"line":28,"column":2},"end":{"line":28,"column":69}},"12":{"start":{"line":28,"column":35},"end":{"line":28,"column":68}},"13":{"start":{"line":29,"column":2},"end":{"line":29,"column":9}}},"fnMap":{"0":{"name":"requestLogger","decl":{"start":{"line":4,"column":16},"end":{"line":4,"column":29}},"loc":{"start":{"line":4,"column":77},"end":{"line":11,"column":1}}},"1":{"name":"(anonymous_1)","decl":{"start":{"line":6,"column":19},"end":{"line":6,"column":22}},"loc":{"start":{"line":6,"column":24},"end":{"line":9,"column":3}}},"2":{"name":"errorHandler","decl":{"start":{"line":14,"column":16},"end":{"line":14,"column":28}},"loc":{"start":{"line":14,"column":86},"end":{"line":24,"column":1}}},"3":{"name":"sendResponse","decl":{"start":{"line":27,"column":16},"end":{"line":27,"column":28}},"loc":{"start":{"line":27,"column":76},"end":{"line":30,"column":1}}},"4":{"name":"(anonymous_4)","decl":{"start":{"line":28,"column":20},"end":{"line":28,"column":21}},"loc":{"start":{"line":28,"column":35},"end":{"line":28,"column":68}}}},"branchMap":{"0":{"loc":{"start":{"line":16,"column":17},"end":{"line":16,"column":34}},"type":"binary-expr","locations":[{"start":{"line":16,"column":17},"end":{"line":16,"column":27}},{"start":{"line":16,"column":31},"end":{"line":16,"column":34}}]},"1":{"loc":{"start":{"line":20,"column":15},"end":{"line":20,"column":56}},"type":"binary-expr","locations":[{"start":{"line":20,"column":15},"end":{"line":20,"column":26}},{"start":{"line":20,"column":30},"end":{"line":20,"column":56}}]},"2":{"loc":{"start":{"line":21,"column":15},"end":{"line":21,"column":39}},"type":"binary-expr","locations":[{"start":{"line":21,"column":15},"end":{"line":21,"column":26}},{"start":{"line":21,"column":30},"end":{"line":21,"column":39}}]}},"s":{"0":7,"1":7,"2":7,"3":53,"4":53,"5":53,"6":53,"7":53,"8":0,"9":0,"10":0,"11":53,"12":0,"13":53},"f":{"0":53,"1":53,"2":0,"3":53,"4":0},"b":{"0":[0,0],"1":[0,0],"2":[0,0]}}
}
