TN:
SF:src\index.ts
FN:57,(anonymous_7)
FN:63,(anonymous_8)
FN:64,(anonymous_9)
FN:65,(anonymous_10)
FN:66,(anonymous_11)
FN:67,(anonymous_12)
FN:68,(anonymous_13)
FN:69,(anonymous_14)
FN:70,(anonymous_15)
FNF:9
FNH:1
FNDA:3,(anonymous_7)
FNDA:0,(anonymous_8)
FNDA:0,(anonymous_9)
FNDA:0,(anonymous_10)
FNDA:0,(anonymous_11)
FNDA:0,(anonymous_12)
FNDA:0,(anonymous_13)
FNDA:0,(anonymous_14)
FNDA:0,(anonymous_15)
DA:1,7
DA:2,7
DA:3,7
DA:4,7
DA:5,7
DA:6,7
DA:7,7
DA:8,7
DA:9,7
DA:10,7
DA:11,7
DA:12,7
DA:19,7
DA:20,7
DA:23,7
DA:24,7
DA:27,7
DA:32,7
DA:34,7
DA:40,7
DA:43,7
DA:44,7
DA:45,7
DA:48,7
DA:51,7
DA:54,7
DA:57,7
DA:60,7
DA:63,7
DA:64,7
DA:65,7
DA:66,7
DA:67,7
DA:68,7
DA:69,7
DA:70,7
DA:73,7
DA:74,7
DA:76,7
LF:39
LH:39
BRF:0
BRH:0
end_of_record
TN:
SF:src\docs\swagger.ts
FNF:0
FNH:0
DA:1,7
DA:3,7
DA:25,7
DA:30,7
LF:4
LH:4
BRF:0
BRH:0
end_of_record
TN:
SF:src\features\auth\controllers\AuthController.ts
FN:14,refreshToken
FNF:1
FNH:1
FNDA:2,refreshToken
DA:2,7
DA:4,7
DA:5,7
DA:6,7
DA:14,7
DA:15,2
DA:16,2
DA:17,0
DA:19,2
DA:20,2
DA:21,2
DA:23,0
LF:12
LH:10
BRDA:16,0,0,0
BRDA:16,0,1,2
BRDA:20,1,0,2
BRDA:20,1,1,0
BRDA:20,2,0,2
BRDA:20,2,1,0
BRDA:20,3,0,0
BRDA:20,3,1,0
BRDA:20,4,0,0
BRDA:20,4,1,0
BRF:10
BRH:3
end_of_record
TN:
SF:src\features\auth\middleware\jwtAuth.ts
FN:10,jwtAuth
FNF:1
FNH:1
FNDA:32,jwtAuth
DA:2,7
DA:4,7
DA:5,7
DA:8,7
DA:10,7
DA:11,32
DA:13,32
DA:14,6
DA:17,26
DA:20,26
DA:22,26
DA:23,26
DA:26,0
DA:27,0
LF:14
LH:12
BRDA:13,0,0,6
BRDA:13,0,1,26
BRDA:13,1,0,32
BRDA:13,1,1,26
BRDA:22,2,0,26
BRDA:22,2,1,0
BRDA:22,3,0,26
BRDA:22,3,1,0
BRDA:22,4,0,0
BRDA:22,4,1,0
BRDA:22,5,0,0
BRDA:22,5,1,0
BRF:12
BRH:6
end_of_record
TN:
SF:src\features\auth\models\authSchema.ts
FNF:0
FNH:0
DA:1,8
DA:3,8
DA:9,8
LF:3
LH:3
BRF:0
BRH:0
end_of_record
TN:
SF:src\features\auth\routes\authRoutes.ts
FN:63,(anonymous_7)
FN:63,(anonymous_8)
FN:122,(anonymous_9)
FN:122,(anonymous_10)
FN:128,(anonymous_11)
FN:128,(anonymous_12)
FN:134,(anonymous_13)
FN:134,(anonymous_14)
FNF:8
FNH:6
FNDA:8,(anonymous_7)
FNDA:8,(anonymous_8)
FNDA:7,(anonymous_9)
FNDA:7,(anonymous_10)
FNDA:1,(anonymous_11)
FNDA:1,(anonymous_12)
FNDA:0,(anonymous_13)
FNDA:0,(anonymous_14)
DA:1,7
DA:2,7
DA:3,7
DA:5,7
DA:63,8
DA:64,8
DA:65,8
DA:66,7
DA:122,7
DA:123,7
DA:124,7
DA:125,6
DA:128,7
DA:129,1
DA:130,1
DA:131,1
DA:134,7
DA:135,0
DA:136,0
DA:137,0
DA:140,7
DA:142,7
LF:22
LH:19
BRDA:65,0,0,1
BRDA:65,0,1,7
BRDA:124,1,0,1
BRDA:124,1,1,6
BRDA:130,2,0,0
BRDA:130,2,1,1
BRDA:136,3,0,0
BRDA:136,3,1,0
BRF:8
BRH:5
end_of_record
TN:
SF:src\features\auth\services\authService.ts
FN:4,(anonymous_7)
FN:4,(anonymous_8)
FN:45,(anonymous_9)
FN:45,(anonymous_10)
FN:66,(anonymous_11)
FN:66,(anonymous_12)
FN:70,(anonymous_13)
FN:70,(anonymous_14)
FN:74,(anonymous_15)
FN:74,(anonymous_16)
FNF:10
FNH:6
FNDA:10,(anonymous_7)
FNDA:10,(anonymous_8)
FNDA:9,(anonymous_9)
FNDA:9,(anonymous_10)
FNDA:1,(anonymous_11)
FNDA:1,(anonymous_12)
FNDA:0,(anonymous_13)
FNDA:0,(anonymous_14)
FNDA:0,(anonymous_15)
FNDA:0,(anonymous_16)
DA:1,8
DA:2,8
DA:4,10
DA:5,10
DA:6,10
DA:7,2
DA:9,8
DA:10,8
DA:13,8
DA:14,0
DA:18,8
DA:19,0
DA:23,8
DA:24,7
DA:36,1
DA:45,9
DA:46,9
DA:47,9
DA:48,1
DA:50,8
DA:51,8
DA:52,8
DA:53,1
DA:55,7
DA:66,8
DA:67,1
DA:70,8
DA:71,0
DA:74,8
DA:75,0
LF:30
LH:26
BRDA:6,0,0,2
BRDA:6,0,1,8
BRDA:13,1,0,0
BRDA:13,1,1,8
BRDA:18,2,0,0
BRDA:18,2,1,8
BRDA:18,3,0,0
BRDA:18,3,1,8
BRDA:18,4,0,8
BRDA:18,4,1,8
BRDA:23,5,0,7
BRDA:23,5,1,1
BRDA:47,6,0,1
BRDA:47,6,1,8
BRDA:52,7,0,1
BRDA:52,7,1,7
BRDA:52,8,0,8
BRDA:52,8,1,7
BRDA:52,9,0,0
BRDA:52,9,1,7
BRDA:52,10,0,7
BRDA:52,10,1,7
BRDA:53,11,0,1
BRDA:53,11,1,0
BRF:24
BRH:19
end_of_record
TN:
SF:src\features\family\models\familySchema.ts
FNF:0
FNH:0
DA:1,1
DA:3,1
LF:2
LH:2
BRF:0
BRH:0
end_of_record
TN:
SF:src\features\family\services\familyService.ts
FN:4,(anonymous_7)
FN:4,(anonymous_8)
FN:8,(anonymous_9)
FN:8,(anonymous_10)
FN:16,(anonymous_11)
FN:16,(anonymous_12)
FN:20,(anonymous_13)
FN:20,(anonymous_14)
FN:26,(anonymous_15)
FN:26,(anonymous_16)
FN:30,(anonymous_17)
FN:30,(anonymous_18)
FNF:12
FNH:2
FNDA:0,(anonymous_7)
FNDA:0,(anonymous_8)
FNDA:2,(anonymous_9)
FNDA:2,(anonymous_10)
FNDA:0,(anonymous_11)
FNDA:0,(anonymous_12)
FNDA:0,(anonymous_13)
FNDA:0,(anonymous_14)
FNDA:0,(anonymous_15)
FNDA:0,(anonymous_16)
FNDA:0,(anonymous_17)
FNDA:0,(anonymous_18)
DA:1,1
DA:2,1
DA:4,1
DA:5,0
DA:8,2
DA:9,2
DA:10,2
DA:11,1
DA:13,1
DA:16,1
DA:17,0
DA:20,1
DA:23,0
DA:26,1
DA:27,0
DA:30,1
DA:32,0
DA:35,0
LF:18
LH:12
BRDA:10,0,0,1
BRDA:10,0,1,1
BRF:2
BRH:2
end_of_record
TN:
SF:src\features\goals\services\goalService.ts
FN:4,(anonymous_7)
FN:4,(anonymous_8)
FN:14,(anonymous_9)
FN:14,(anonymous_10)
FN:22,(anonymous_11)
FN:22,(anonymous_12)
FN:27,(anonymous_13)
FN:27,(anonymous_14)
FNF:8
FNH:2
FNDA:0,(anonymous_7)
FNDA:0,(anonymous_8)
FNDA:2,(anonymous_9)
FNDA:2,(anonymous_10)
FNDA:0,(anonymous_11)
FNDA:0,(anonymous_12)
FNDA:0,(anonymous_13)
FNDA:0,(anonymous_14)
DA:1,1
DA:4,1
DA:6,0
DA:7,0
DA:8,0
DA:9,0
DA:10,0
DA:11,0
DA:14,2
DA:16,2
DA:17,1
DA:19,1
DA:22,1
DA:24,0
DA:27,1
DA:28,0
LF:16
LH:8
BRDA:7,0,0,0
BRDA:7,0,1,0
BRDA:8,1,0,0
BRDA:8,1,1,0
BRDA:9,2,0,0
BRDA:9,2,1,0
BRDA:9,3,0,0
BRDA:9,3,1,0
BRDA:10,4,0,0
BRDA:10,4,1,0
BRDA:16,5,0,1
BRDA:16,5,1,1
BRDA:16,6,0,2
BRDA:16,6,1,2
BRDA:16,6,2,2
BRF:15
BRH:5
end_of_record
TN:
SF:src\integrations\supabase\client.ts
FN:12,(anonymous_0)
FN:14,(anonymous_1)
FN:15,(anonymous_2)
FN:16,(anonymous_3)
FNF:4
FNH:4
FNDA:8,(anonymous_0)
FNDA:19,(anonymous_1)
FNDA:15,(anonymous_2)
FNDA:4,(anonymous_3)
DA:2,8
DA:5,8
DA:6,8
DA:13,8
DA:14,19
DA:15,15
DA:16,4
DA:19,8
DA:20,8
DA:22,8
LF:10
LH:10
BRDA:14,0,0,1
BRDA:14,0,1,18
BRDA:14,1,0,19
BRDA:14,1,1,19
BRDA:19,2,0,8
BRDA:19,2,1,0
BRDA:20,3,0,8
BRDA:20,3,1,0
BRF:8
BRH:6
end_of_record
TN:
SF:src\middleware\globalMiddleware.ts
FN:4,requestLogger
FN:6,(anonymous_1)
FN:14,errorHandler
FN:27,sendResponse
FN:28,(anonymous_4)
FNF:5
FNH:3
FNDA:53,requestLogger
FNDA:53,(anonymous_1)
FNDA:0,errorHandler
FNDA:53,sendResponse
FNDA:0,(anonymous_4)
DA:4,7
DA:5,53
DA:6,53
DA:7,53
DA:8,53
DA:10,53
DA:14,7
DA:15,0
DA:16,0
DA:17,0
DA:27,7
DA:28,53
DA:29,53
LF:13
LH:10
BRDA:16,0,0,0
BRDA:16,0,1,0
BRDA:20,1,0,0
BRDA:20,1,1,0
BRDA:21,2,0,0
BRDA:21,2,1,0
BRF:6
BRH:0
end_of_record
