TN:
SF:src\features\auth\models\authSchema.ts
FNF:0
FNH:0
DA:1,1
DA:3,1
DA:9,1
LF:3
LH:3
BRF:0
BRH:0
end_of_record
TN:
SF:src\features\auth\services\authService.ts
FN:4,(anonymous_7)
FN:4,(anonymous_8)
FN:45,(anonymous_9)
FN:45,(anonymous_10)
FN:66,(anonymous_11)
FN:66,(anonymous_12)
FN:70,(anonymous_13)
FN:70,(anonymous_14)
FN:74,(anonymous_15)
FN:74,(anonymous_16)
FNF:10
FNH:4
FNDA:2,(anonymous_7)
FNDA:2,(anonymous_8)
FNDA:2,(anonymous_9)
FNDA:2,(anonymous_10)
FNDA:0,(anonymous_11)
FNDA:0,(anonymous_12)
FNDA:0,(anonymous_13)
FNDA:0,(anonymous_14)
FNDA:0,(anonymous_15)
FNDA:0,(anonymous_16)
DA:1,1
DA:2,1
DA:4,2
DA:5,2
DA:6,2
DA:7,1
DA:9,1
DA:10,1
DA:13,1
DA:14,0
DA:18,1
DA:19,0
DA:23,1
DA:24,0
DA:36,1
DA:45,2
DA:46,2
DA:47,2
DA:48,1
DA:50,1
DA:51,1
DA:52,1
DA:53,0
DA:55,1
DA:66,1
DA:67,0
DA:70,1
DA:71,0
DA:74,1
DA:75,0
LF:30
LH:23
BRDA:6,0,0,1
BRDA:6,0,1,1
BRDA:13,1,0,0
BRDA:13,1,1,1
BRDA:18,2,0,0
BRDA:18,2,1,1
BRDA:18,3,0,0
BRDA:18,3,1,1
BRDA:18,4,0,1
BRDA:18,4,1,1
BRDA:23,5,0,0
BRDA:23,5,1,1
BRDA:47,6,0,1
BRDA:47,6,1,1
BRDA:52,7,0,0
BRDA:52,7,1,1
BRDA:52,8,0,1
BRDA:52,8,1,1
BRDA:52,9,0,0
BRDA:52,9,1,1
BRDA:52,10,0,1
BRDA:52,10,1,1
BRDA:53,11,0,0
BRDA:53,11,1,0
BRF:24
BRH:16
end_of_record
TN:
SF:src\features\family\models\familySchema.ts
FNF:0
FNH:0
DA:1,1
DA:3,1
LF:2
LH:2
BRF:0
BRH:0
end_of_record
TN:
SF:src\features\family\services\familyService.ts
FN:4,(anonymous_7)
FN:4,(anonymous_8)
FN:8,(anonymous_9)
FN:8,(anonymous_10)
FN:16,(anonymous_11)
FN:16,(anonymous_12)
FN:20,(anonymous_13)
FN:20,(anonymous_14)
FN:26,(anonymous_15)
FN:26,(anonymous_16)
FN:30,(anonymous_17)
FN:30,(anonymous_18)
FNF:12
FNH:2
FNDA:0,(anonymous_7)
FNDA:0,(anonymous_8)
FNDA:2,(anonymous_9)
FNDA:2,(anonymous_10)
FNDA:0,(anonymous_11)
FNDA:0,(anonymous_12)
FNDA:0,(anonymous_13)
FNDA:0,(anonymous_14)
FNDA:0,(anonymous_15)
FNDA:0,(anonymous_16)
FNDA:0,(anonymous_17)
FNDA:0,(anonymous_18)
DA:1,1
DA:2,1
DA:4,1
DA:5,0
DA:8,2
DA:9,2
DA:10,2
DA:11,1
DA:13,1
DA:16,1
DA:17,0
DA:20,1
DA:23,0
DA:26,1
DA:27,0
DA:30,1
DA:32,0
DA:35,0
LF:18
LH:12
BRDA:10,0,0,1
BRDA:10,0,1,1
BRF:2
BRH:2
end_of_record
TN:
SF:src\features\goals\services\goalService.ts
FN:4,(anonymous_7)
FN:4,(anonymous_8)
FN:14,(anonymous_9)
FN:14,(anonymous_10)
FN:22,(anonymous_11)
FN:22,(anonymous_12)
FN:27,(anonymous_13)
FN:27,(anonymous_14)
FNF:8
FNH:2
FNDA:0,(anonymous_7)
FNDA:0,(anonymous_8)
FNDA:2,(anonymous_9)
FNDA:2,(anonymous_10)
FNDA:0,(anonymous_11)
FNDA:0,(anonymous_12)
FNDA:0,(anonymous_13)
FNDA:0,(anonymous_14)
DA:1,1
DA:4,1
DA:6,0
DA:7,0
DA:8,0
DA:9,0
DA:10,0
DA:11,0
DA:14,2
DA:16,2
DA:17,1
DA:19,1
DA:22,1
DA:24,0
DA:27,1
DA:28,0
LF:16
LH:8
BRDA:7,0,0,0
BRDA:7,0,1,0
BRDA:8,1,0,0
BRDA:8,1,1,0
BRDA:9,2,0,0
BRDA:9,2,1,0
BRDA:9,3,0,0
BRDA:9,3,1,0
BRDA:10,4,0,0
BRDA:10,4,1,0
BRDA:16,5,0,1
BRDA:16,5,1,1
BRDA:16,6,0,2
BRDA:16,6,1,2
BRDA:16,6,2,2
BRF:15
BRH:5
end_of_record
TN:
SF:src\features\transactions\models\transactionSchema.ts
FNF:0
FNH:0
DA:1,1
DA:3,1
LF:2
LH:2
BRF:0
BRH:0
end_of_record
TN:
SF:src\features\transactions\services\transactionService.ts
FN:4,(anonymous_7)
FN:4,(anonymous_8)
FN:20,(anonymous_9)
FN:20,(anonymous_10)
FN:44,(anonymous_11)
FN:60,(anonymous_12)
FN:64,(anonymous_13)
FN:92,(anonymous_14)
FN:92,(anonymous_15)
FNF:9
FNH:2
FNDA:0,(anonymous_7)
FNDA:0,(anonymous_8)
FNDA:3,(anonymous_9)
FNDA:3,(anonymous_10)
FNDA:0,(anonymous_11)
FNDA:0,(anonymous_12)
FNDA:0,(anonymous_13)
FNDA:0,(anonymous_14)
FNDA:0,(anonymous_15)
DA:1,1
DA:2,1
DA:4,1
DA:6,0
DA:7,0
DA:8,0
DA:9,0
DA:11,0
DA:12,0
DA:13,0
DA:14,0
DA:15,0
DA:17,0
DA:20,3
DA:21,3
DA:22,3
DA:23,2
DA:26,1
DA:36,1
DA:44,1
DA:45,0
DA:46,0
DA:47,0
DA:48,0
DA:49,0
DA:50,0
DA:51,0
DA:60,1
DA:61,0
DA:62,0
DA:63,0
DA:64,0
DA:65,0
DA:66,0
DA:67,0
DA:68,0
DA:69,0
DA:70,0
DA:71,0
DA:73,0
DA:81,0
DA:82,0
DA:84,0
DA:92,1
DA:93,0
DA:94,0
DA:95,0
DA:96,0
DA:98,0
DA:102,0
DA:103,0
LF:51
LH:12
BRDA:7,0,0,0
BRDA:7,0,1,0
BRDA:8,1,0,0
BRDA:8,1,1,0
BRDA:9,2,0,0
BRDA:9,2,1,0
BRDA:9,3,0,0
BRDA:9,3,1,0
BRDA:11,4,0,0
BRDA:11,4,1,0
BRDA:11,5,0,0
BRDA:11,5,1,0
BRDA:22,6,0,2
BRDA:22,6,1,1
BRDA:32,7,0,1
BRDA:32,7,1,0
BRDA:34,8,0,1
BRDA:34,8,1,1
BRDA:45,9,0,0
BRDA:45,9,1,0
BRDA:46,10,0,0
BRDA:46,10,1,0
BRDA:47,11,0,0
BRDA:47,11,1,0
BRDA:48,12,0,0
BRDA:48,12,1,0
BRDA:49,13,0,0
BRDA:49,13,1,0
BRDA:49,14,0,0
BRDA:49,14,1,0
BRDA:50,15,0,0
BRDA:50,15,1,0
BRDA:61,16,0,0
BRDA:61,16,1,0
BRDA:61,17,0,0
BRDA:61,17,1,0
BRDA:66,18,0,0
BRDA:66,18,1,0
BRDA:69,19,0,0
BRDA:69,19,1,0
BRDA:81,20,0,0
BRDA:81,20,1,0
BRDA:93,21,0,0
BRDA:93,21,1,0
BRDA:93,22,0,0
BRDA:93,22,1,0
BRDA:94,23,0,0
BRDA:94,23,1,0
BRDA:94,24,0,0
BRDA:94,24,1,0
BRDA:94,25,0,0
BRDA:94,25,1,0
BRDA:94,26,0,0
BRDA:94,26,1,0
BRDA:96,27,0,0
BRDA:96,27,1,0
BRDA:102,28,0,0
BRDA:102,28,1,0
BRDA:110,29,0,0
BRDA:110,29,1,0
BRDA:110,30,0,0
BRDA:110,30,1,0
BRDA:110,31,0,0
BRDA:110,31,1,0
BRDA:111,32,0,0
BRDA:111,32,1,0
BRDA:111,33,0,0
BRDA:111,33,1,0
BRF:68
BRH:5
end_of_record
TN:
SF:src\hooks\use-toast.ts
FN:27,genId
FN:58,(anonymous_11)
FN:63,(anonymous_12)
FN:74,(anonymous_13)
FN:85,(anonymous_14)
FN:98,(anonymous_15)
FN:105,(anonymous_16)
FN:124,(anonymous_17)
FN:133,dispatch
FN:135,(anonymous_19)
FN:142,toast
FN:145,(anonymous_21)
FN:150,(anonymous_22)
FN:158,(anonymous_23)
FN:171,useToast
FN:174,(anonymous_25)
FN:176,(anonymous_26)
FN:187,(anonymous_27)
FNF:18
FNH:3
FNDA:0,genId
FNDA:0,(anonymous_11)
FNDA:0,(anonymous_12)
FNDA:0,(anonymous_13)
FNDA:0,(anonymous_14)
FNDA:0,(anonymous_15)
FNDA:0,(anonymous_16)
FNDA:0,(anonymous_17)
FNDA:0,dispatch
FNDA:0,(anonymous_19)
FNDA:0,toast
FNDA:0,(anonymous_21)
FNDA:0,(anonymous_22)
FNDA:0,(anonymous_23)
FNDA:2,useToast
FNDA:1,(anonymous_25)
FNDA:1,(anonymous_26)
FNDA:0,(anonymous_27)
DA:1,1
DA:8,1
DA:9,1
DA:18,1
DA:25,1
DA:28,0
DA:29,0
DA:56,1
DA:58,1
DA:59,0
DA:60,0
DA:63,0
DA:64,0
DA:65,0
DA:71,0
DA:74,1
DA:75,0
DA:77,0
DA:83,0
DA:86,0
DA:91,0
DA:95,0
DA:96,0
DA:98,0
DA:99,0
DA:103,0
DA:106,0
DA:116,0
DA:117,0
DA:122,0
DA:124,0
DA:129,1
DA:131,1
DA:134,0
DA:135,0
DA:136,0
DA:142,0
DA:143,0
DA:145,0
DA:146,0
DA:150,0
DA:152,0
DA:159,0
DA:164,0
DA:172,2
DA:174,2
DA:175,1
DA:176,1
DA:177,1
DA:178,1
DA:179,1
DA:184,2
DA:187,0
DA:191,1
LF:54
LH:19
BRDA:59,0,0,0
BRDA:59,0,1,0
BRDA:75,1,0,0
BRDA:75,1,1,0
BRDA:75,1,2,0
BRDA:75,1,3,0
BRDA:86,2,0,0
BRDA:86,2,1,0
BRDA:95,3,0,0
BRDA:95,3,1,0
BRDA:106,4,0,0
BRDA:106,4,1,0
BRDA:106,5,0,0
BRDA:106,5,1,0
BRDA:116,6,0,0
BRDA:116,6,1,0
BRDA:159,7,0,0
BRDA:159,7,1,0
BRDA:178,8,0,1
BRDA:178,8,1,0
BRF:20
BRH:1
end_of_record
TN:
SF:src\hooks\useFamilyData.tsx
FN:20,useFamilyData
FN:27,(anonymous_8)
FN:27,(anonymous_9)
FN:46,(anonymous_10)
FN:46,(anonymous_11)
FN:65,(anonymous_12)
FN:65,(anonymous_13)
FN:83,(anonymous_14)
FN:83,(anonymous_15)
FNF:9
FNH:1
FNDA:6,useFamilyData
FNDA:0,(anonymous_8)
FNDA:0,(anonymous_9)
FNDA:0,(anonymous_10)
FNDA:0,(anonymous_11)
FNDA:0,(anonymous_12)
FNDA:0,(anonymous_13)
FNDA:0,(anonymous_14)
FNDA:0,(anonymous_15)
DA:1,2
DA:2,2
DA:3,2
DA:4,2
DA:20,2
DA:21,6
DA:22,6
DA:23,6
DA:24,1
DA:25,1
DA:27,1
DA:28,0
DA:29,0
DA:30,0
DA:32,0
DA:37,0
DA:38,0
DA:40,0
DA:42,0
DA:46,1
DA:47,0
DA:48,0
DA:49,0
DA:50,0
DA:55,0
DA:56,0
DA:57,0
DA:59,0
DA:61,0
DA:65,1
DA:66,0
DA:67,0
DA:68,0
DA:69,0
DA:73,0
DA:74,0
DA:75,0
DA:77,0
DA:79,0
DA:83,1
DA:84,0
DA:85,0
DA:86,0
DA:87,0
DA:89,0
DA:91,0
DA:95,1
LF:47
LH:15
BRDA:28,0,0,0
BRDA:28,0,1,0
BRDA:37,1,0,0
BRDA:37,1,1,0
BRDA:47,2,0,0
BRDA:47,2,1,0
BRDA:47,3,0,0
BRDA:47,3,1,0
BRDA:55,4,0,0
BRDA:55,4,1,0
BRDA:66,5,0,0
BRDA:66,5,1,0
BRDA:66,6,0,0
BRDA:66,6,1,0
BRDA:73,7,0,0
BRDA:73,7,1,0
BRF:16
BRH:0
end_of_record
TN:
SF:src\hooks\useGoalsData.tsx
FN:16,useGoalsData
FN:22,loadGoals
FN:49,(anonymous_10)
FN:53,(anonymous_11)
FN:53,(anonymous_12)
FN:64,(anonymous_13)
FN:64,(anonymous_14)
FNF:7
FNH:5
FNDA:506477,useGoalsData
FNDA:337653,loadGoals
FNDA:337652,(anonymous_10)
FNDA:0,(anonymous_11)
FNDA:0,(anonymous_12)
FNDA:1,(anonymous_13)
FNDA:1,(anonymous_14)
DA:1,2
DA:2,2
DA:3,2
DA:16,2
DA:17,506477
DA:18,506477
DA:19,506477
DA:20,506477
DA:23,337653
DA:24,337653
DA:25,0
DA:26,0
DA:28,337653
DA:29,337653
DA:30,337653
DA:31,337653
DA:32,0
DA:34,337653
DA:36,337653
DA:37,337653
DA:38,337653
DA:39,337653
DA:40,337653
DA:42,0
DA:44,337653
DA:45,337653
DA:49,506477
DA:50,337652
DA:53,506477
DA:54,0
DA:55,0
DA:56,0
DA:57,0
DA:58,0
DA:60,0
DA:64,506477
DA:65,1
DA:66,1
DA:67,1
DA:68,1
DA:69,1
DA:71,0
DA:77,506477
LF:43
LH:32
BRDA:24,0,0,0
BRDA:24,0,1,337653
BRDA:31,1,0,0
BRDA:31,1,1,337653
BRDA:39,2,0,0
BRDA:39,2,1,337653
BRDA:40,3,0,337653
BRDA:40,3,1,337653
BRDA:56,4,0,0
BRDA:56,4,1,0
BRDA:67,5,0,0
BRDA:67,5,1,1
BRF:12
BRH:6
end_of_record
